,,,
./..
/入
1122211
435742
5201344
96陈.
人
妳
俊
你
幽
伯
暄
…
明冠
涛子
后侯
常惠
宿俞
弘昌
宣瞿
一笙
乌佟
佴常
任窦
叶沙
烟火
况章
农柳
；？
宦宋
司仲
索卢
曾童
伊万
楮祝
熊瞿
纪符
晋卜
糜何
彭潘
经庾
史缪
奚华
武符
戴祁
晏嵇
翟吴
桂华
亢皮
琴宁
戈何
流泄
季冯
明李
别庞
宁狄
卫柳
戴窦
双宣
滕景
法滕
满常
权宁
步纪
伊洛
柯伍
祝卢
戚李
游妍
师武
梁符
栾余
劳章
戈堪
曹糜
从竺
乌卜
戚仲
经华
穆穆
祝翟
庾王
沃庞
丘李
羽羲
晋冯
洪曹
刘景
卢温
湛徐
别曲
怀温
家管
岳丁
暴宣
潘沙
卞愫
徐柳
？？
寥寥
刘卢
武祝
殳童
万凌
宿宛
井燕
洪徐
终侯
吴经
宁叶
怀穆
查张
熊卢
宋祁
羿孙
步纹
严宁
刁皮
笪彭
年柳
席穆
佟孟
俞毕
寿卜
王浩
伏纪
师珊
殇彡
宿史
妃儿
祝澜
戈伍
余红
松盈
农潘
暴盈
凌皮
晏常
庾叶
经严
弘楼
宫燕
猥琐
白戚
于湘
佟禹
杭沙
从祝
窦珍
冀宁
狄吴
明洪
侯房
昌房
幸伍
干童
宿家
柴孙
月儿
侯凌
徐宣
宿滕
潘翁
王石
客服
杭瞿
球球
督徐
步宫
成吴
！！
简经
弘佟
心如
束干
冀王
丁盈
浪浪
伊泽
家佟
凌希
弘曹
戚沁
宫瞿
仇于
思恋
琴糜
寇祝
庞庾
窦严
盛祝
卞潘
丁纪
成杭
伯景
奚吴
楮庾
任惠
湛吴
红禹
仲羊
督洪
宿白
杜昊
单景
濮伍
满满
佴柳
戥妳
督糜
宦房
刁毕
君临&か跃
ζ美儿
罪与罚
童紫伊
侯平凡
缪梦桃
红惜筠
司空吴
毕惜灵
柳含灵
于梦竹
孟从灵
沈幻柏
乐溪灵
丁凡波
上官仲
佘盼波
师乐正
华凝丝
宦司空
单于席
空白梦
石寄琴
俞妙竹
潘凡松
一。不
戈不平
梁丘狄
晁依白
矢心。
农乐正
暴半双
？！？
素宁丶
昝不乐
禹乐儿
帝紫梦
伍听双
瞿又晴
惠上官
杭灵波
亢乐松
明沛儿
万念烟
庞可愁
皮怜翠
羿书双
涂沛凝
任惜灵
东凝丝
富绿凝
戈一曲
佴凡双
纪柏柳
年幼枫
明不平
楚涵柏
羿映梦
沐沐君
步以珊
梁司空
习曼岚
好女孩
符怜梦
晁幻儿
炎神王
万俟万
上官于
潘念珍
寻梦灬
戈怀亦
桂白曼
竺初之
步白容
楮司空
乜涵柳
柯忆丹
晏含双
仲孙景
丁含桃
寇以晴
查涵柳
季冬灵
戚惜梦
宁怜晴
上官禹
权白枫
柳灵珊
禹沛凝
万俟景
糜念梦
快乐女孩
丌官凌翠
仲孙寻真
可是你快
司空凌晴
段干代曼
一梦千年
月亮女神
快去快去
丌官单于
段干千琴
神殿侦探
上官依丝
梁丘又亦
乐正傲晴
也是好事
千幻灵瞳
回忆中的殇
最美女战士
毁人不倦。
终究梦一场
什么叫心痛
战神や王少
倾城恋丶轩
司寇梦易
泽灵岚凤
上官空情
乐正宇文
司空傲旋
素年寂v
一人独霸
濯炎洛颜
神之力量
单于东郭
不之火长剑
快乐宝贝
千幻星辰
禁忌の蔷薇
曹初南
童丹妗
奚傲南
狄亦云
满曼云
司空向雪
万俟云间
季司徒
昝曼寒
广念寒
乐司徒
段干归海
平映易
彭紫易
符映易
杜依柔
刺客——狼
商不弱
梁丘粱
席丹彤
佴平彤
不会吧v
万俟冰兰
厍宛海
满宛海
伏平卉
乜傲玉
仲含玉
曹平卉
万梦玉
奈叶琉子
柯宇文
岳东方
嵇念文
凌东方
吴宇文
况书文
李宇文
空妙旋
禄亦旋
桂凌旋
残月无痕
益四娘
维利娜
杜如娆
凌乐瑶
戴亦瑶
紫玫瑰
厍皇甫
司寇甄
干灭男
焦亚男
战神男爵
戚白山
竺白山
戈以山
卜绮山
卫幻天
章如天
索凝天
童初夏
双凝天
曹丹秋
戎千秋
庾幻姬
戎之槐
乌幻姬
神叫科比
丌官尤
寂寞已成殇
仲孙巫马
燕幻巧
洪亦巧
千奈·雪
宫千兰
别凌兰
死神@
乄奈@
橙子CCxyzi
じ☆ve谁
御坂_美琴
万俟鹿
宣幻露
仇缘郡
戴濮阳
空如音
奚绮露
堵惜雪
糜书雁
仲孙顾
段干顾
缪凡雁
红媚颜
戈濮阳
华凌香
戎凌雪
利灵雁
祁紫霜
单司马
寿如霜
惠濮阳
绝对零度
司空高丽
♥杀阡陌♥
恋乀雨
上官雨馨
单于青筠
乐正青丝
上官雷
段干雅旋
司空雅霜
乐正醉蝶
么么达
刘心茹
习平蝶
步沛菡
仲伯赏
季梦菲
柏凝蝶
熊紫萍
景紫萍
李白莲
司寇诸
庞凝芙
美如蝶
穆妙芙
符初蝶
年沛芹
简惜萍
于沛萍
景初蝶
司空车
东妙芹
橄榄菜
单于赫
沃含芙
白初蝶
翟寻芹
单于语柔
梁丘诸葛
徐丹萱
从凌萱
石幼菱
栃子花的爱
司空萧
卫听荷
单于芷容
最强者
琴灵薇
佟傲薇
梁丘董
双沛蓝
勾乐蓉
束幼蓉
常绿蓉
上官蔺
仲孙谢
王国谊
白湖
沃祖
井廖
叶罗
房罗
刘宗
益宗
潘罗
暴罗
乜宗
凌晗
昌宗
惠南琴
李南宫
戈南琴
燕南宫
彭南宫
堵南宫
昝南露
冯杨
端木翟
端木宋
宫墨羽
端木景
严梨愁
端木东郭
端木乔
端木冰姬
百墨天方
端木韩
端木高
端木郁
端木苏
端木诸
端木贺
端木谷粱
管向
羊浑
双岑
习浑
禹笑晴
沈云滨
柴笑阳
常向露
吕向雪
白笑蓝
司徒灵
翟寒凡
司徒白
司徒毕
司徒冬卉
司徒向露
司徒寒兔
司徒晓曼
司徒朱
广归海
章寒安
李寒安
劳寒安
司徒新竹
叶毒娘
司徒夜安
司徒雍
司徒阳佟
权寒蕾
司徒薛
司徒觅荷
广卓
班卓
张晓凡
松晓灵
师易真
糜易云
富易云
羊晓旋
浦晓兰
盛拓跋
吕拓跋
东拓跋
万拓跋
李应
游崔
富孔
暴崔
广应
叶孔
经孔
仲粱
伊粱
刘粱
可爱的公主
可爱萌萌哒
可爱萝莉
千古
幽凤
焦令狐
湛凤妖
凌凤凰
乌孤兰
后孤兰
惠欧阳
后欧阳
干欧阳
冯欧阳
晋级赛
法碧菡
澹台宣
澹台章
卞冰真
利冰双
信仰之名
♛冰冷♡
想峰日子
华冰巧
张杰克3
澹台齐
戴冰蝶
空冰蝶
童冰菱
弘冷亦
祝冷亦
双冷松
宣海云
琴婷冉
温冷霜
人海茫茫
盛傅
心情
楮傅
柯傅
庞傅
徐包
农包
司包
窦清
羽清水
相吉
孙吉
法廉
干吉
佴吉
七凉
冯吉
平廉
幸安柏
干安梦
丿沉灬飞雪
国安南
卜安卉
权安雁
惠凉音
凌安青
翁沉鱼
席安荷
束於
柴於
匡方
后施
东於
缪斯
盛方
刁施
华方
伍施
乌方
毛喻
法喻
东方佟
宇文席
宇文佟
宇文凝冬
东方含卉
东方紫槐
宇文书兰
东方从露
宇文乐蓉
东方冰枫
东方夏侯
宇文元柏
东方元瑶
东方默
于新之
李旭
与时间为敌
毋樊
羿樊
童樊
翁程
伯樊
张樊
劳呼延
晁周
宦周
伍咎
乜咎
童哥
翟甄
佟唐
权唐
符支
景唐
经支
何支
仇甄
权支
叶唐
微生寻冬
皇甫寻梅
微生易梦
盈甄姬
栾唯雪
皇甫莆
微生连
皇甫谷粱
浦由
季由
沃由
伊田
异类
督汪
叶汪
伏汝燕
弘山灵
庞山蝶
乌山蝶
卞夏
李夏
戏天
成夏
倾夜
嵇夏
立夏
叶夏
吴夏柳
张夏之
伯夏侯
经夏侯
熊夏烟
毛夏侯
宫夜绿
半夏微凉
宦夜南
符夏云
亢太叔
宣夜安
白夜喵
羿夏兰
千夜雪
昊天霸王
晴天霹雳
亢夏青
功夫胡
倪夜蕾
沙天菱
简天菱
曾天薇
吴大王
伟大一
张大娘
涂姜
妮姬
符秦
楚秀
燕秦
宦姚
佟秋凌
洛槿瞳
年秋玲
她姓徐
房尹
翟封
帝尊
国封
章封
沐尘
权封
乐尹
况尹
游尹
宫水桃
叶小爽
晏小凡
不尙不夏
流水无痕
王水瑶
昝小夏
刘小夏
沃小霜
王小辉
乐少龙
年少轻狂
干尔琴
习尔竹
强尔珍
祝尔岚
张尔冬
狄尔安
督尔芙
徐尤
容尤
沙尤
毕尤
利尤
符尉迟
干尉迟
伯尉迟
佴巫
翁左
吕左
徐淳于
松左丘
富左丘
盛左丘
卞巫马
禹巧荷
富元
堵元
乌元
明元
商元
楚慕
伍慕容
柳元柏
索慕凝
益慕晴
殳慕容
曹元枫
缪元绿
仇公冶
♛慕容雪♛
凌慕青
彭公西
缪公西
涂公西
符元菱
窦全
查全
燕全
井牛
白牟
伏牟
卡特林娜
空牧
万牧
偏执
柴牧
琴牧
《M》
红阎
洪邵
禄韶
沃邬
楚齐
寇鹿
广雍
富鄂
李鲍
刘颦
卢鄂
习韶
瞿魏
东齐
凌齐
堵鲍
灵雪
富高
亢霍
柯项
伯黎
亢黎
家郝
宿鹿
张陆
景顾
伯韩
符邵
张雍
空阎
华高
司邵
叶零
空韶
终马
别项
普通
班齐
王郦
张飞
佘高
卫郦
乜鹿
宁陶
刘高
百里
弘韶
厍邢
祝邵
家陆
翟鲍
余郦
童高
任龚
炎龙
寿邵
经龚
毋颜
晋陈
滕颜
季龚
何阎
双齐
伍邬
终陶
紫鸢
徐阮
彭邹
从阎
年项
勾鄂
游阎
余陆
星隐
百里何
庾鲜于
戴鲜于
吕阳佟
宦采柳
幻零星
濮阳徐
庞阳佟
狄雪冥
漆雕经
灵雪幽
卞雪珊
濮阳绿柏
百里宛儿
司马司空
司马乐正
百里听烟
东郭紫寒
东郭宇文
狂野玫瑰
宁静的夜晚
司马幻姬
司马怜雪
漆雕惜蕊
百里乐蕊
漆雕伯赏
漆雕南蕾
倪香寒
乌香寒
查颜演
梁颜演
史鸣凤
司马冰颜
吕雪卉
神龙三少
红颜断命i
东郭程
东郭山蝶
宋飞槐
漆雕左
干雁风
濮阳鲁
司马郁
东郭香萱
司马钮
东郭荣
司马袁
濮阳苏
百里萧
侯雁荷
千黛薇柔
司马董
乐颖
李颖仪
司靖柔
张雨寒
戴雨梅
浦郑
羊郑
商阑香
伊金连
昝青槐
成青雪
温邓
曹邓
炎魔女
燕邱
堵邱
暴雷
强雷
曹雷
王雷
布雷泽S
梁雅柔
厍雅霜
童雅青
瞬间
乐闵
孙闵
终问丝
季问枫
劳闾丘
井闾丘
年问儿
匡闾丘
利问玉
卜问薇
东门段
东门以柳
东门紫菱
东门江
东门牛
东门芷波
张鑫鹏
毕钮
容钮
乐钮
伊钱
庄钱
符钱
殳钱
束钱
♚铃♛
卜酆
怀酆
杯酒忘心
班赵
卫菀
笪贺
濮袁
勾莆
宦裘
厍贾
终费
祝袁
司芙
笪衣
单苻
桂芳
糜芹
相资
索裘
窦詹
符贺
白衣
史苡
昝莹
乌詹
狂蛮
东茈
段裘
师贺
凌芫
柯莫
梁詹
洪荀
皮荣
焦诸
伍资
柏袁
经费
晋贲
房芮
景裘
季范
万车
瞿诸
相袁
盛费
劳资
红螺
松连
暴袁
明车
班车
祁赫
灵舞
俞赫
王苻
余航
倪赫
狄连
常苏
沃詹
湛裴
妄语
伊荣
晋语柳
子车管
羊舌嫣
伯访烟
羊舌司空
羊舌映冬
湘袁智子
堕落的恶魔
子车东方
佟若云
禄行云
洪访彤
羊舌冰蝶
祁访天
子车天菱
羊语兰
万若雁
广芸遥
子车鹿
羊舌韶
捣蛋鬼
子车长孙
子车雪青
昌若魔
凌西门
史西门
祝语芹
严莹芝
卫语芹
仲赫连
子车资
燕若菲
缪若菱
熊诸葛
班诸葛
李诸葛
沈迎蓉
终赖
佟诗翠
楮诗兰
昌诗兰
羿诗蕊
景英姑
晁萧
温萧
佟萧
叶荧荧
忘记你
熊芷冰
凌芷天
武芷天
万芷雪
柴芷蕾
昝芷蕾
商芷荷
笪葛
空葛
常葵阴
卜葵阴
羿蒋
班蒋
燕蒋
常蒋
符蔡
徐蔡
严蔡
柳蔡
卫蔺
翟蔺
富褚
徐褚
房褚
羊褚
曹褚
涂褚
怀解
卜解
常解
寇解
法解
后觅翠
仇觅儿
翟觅夏
桂谢
权谢
糜谷云
平谷粱
王谷粱
权谷秋
孙谷兰
祖柯
糖宝
盖宁
廖初翠
敖忆南
敖亦寒
廖书文
廖司马
敖惜雪
糖不苦
乖乖女
廖南宫
盖冰夏
敖程
敖水蓉
盖郑
盖邓
廖贺
廖裴
廖菲菲
或者
敖蔺
罗房
宗庾
罗庞
林于
宗翁
林昌
罗曲
林忆湘
南挽灿
南宫惋清
南宫刘少
罗凌寒
南宫程
林皇甫
南宫水彤
南宫馨梓
南宫译霜
罗晓丝
暗影占魂
林彤
罗冰蝶
南无月.
宗政章
宗政田
宗政邢
宗政费
林尔柳
罗牟
南门伍
南门丁
南门华
南门庾
南门白玉
南门初瑶
南门祖
南门秋柔
南门项
宗赖
林芷文
罗莉公主
林薄荷
储李
墨仲
储敏
储侯
墨幼珊
杨振平
墨傲云
储宇文
杨妙菡
暨孔
杨筱飞
墨冰
滨江
杨元瑶
杨阎
储香
木马
储霍
墨舞
储莫
墨语雪
笑柄
滑李
岑占
桑石
向惠
云岂愈
岑依丝
岑幻翠
滑乐枫
我的女王
向初瑶
我的试界
岑幼蓉
缑宓
向乔
我爱你
滑碧琴
向冰巧
岑廉
缑甄
岑山晴
桑汤
桑夏真
滑秋
我就，，们
云淡风轻
向郁
云骆
云荀
桑赵
云若烟
云若弦
柒汐
归采萱
寒魅
毒药来了
晓儿
卓曹
宓沛容
桓百里
宓宛菡
宓念芹
晓妖
弓崔
拓拔宋
拓拔妙梦
拓拔以彤
拓拔雨文
易冰菱
宓廉
易秋
晓淑
易霍
弓香寒
易雨梅
易闾丘
桓芫
弓西门
易轩辕
宓谷梦
崔孙
崔叶
乔滕
乔俞
崔乐儿
孔乐正
乔曼易
乔四娘
应书雁
崔妙芙
柔百草
乔安娜
崔施
乔巴
崔元
乔鲜于
崔费
孔蔡
应蔡
危卫
爱笙
危占
爱丁
危机
爱你欢
朱涵双
朱幻桃
爱的曲奇
爱你朱芳英
爱依瑶
影ふ唥
爱东郭
朱听露
朱丹蝶
朱岑
朱安雁
朱夜梅
爱邬
朱阮
危高
爱香琴子
危邱
爱苗
凤凌
古滕
古俞
孤单²
凤书翠
令狐孟
令狐石
古映冬
令狐幻儿
伤心的泪水
令狐子瑶
令狐紫雪
令狐南晴
令狐南宫
❤暮浅析＆
凤灵安
令狐牟
令狐韦
凤凝莲
凤君舞
令狐芷容
孤生有曦。
凤太英
凤左
凤陈
凤鲍
壤驷白玉
壤驷归海
壤驷雪冥
壤驷费
壤驷莛
壤驷谷粱
凤雅霜
凤诸葛
欧沙
欧阳任
欧阳容
欧阳李
欧阳念烟
欧阳紫燕
欧阳朱
欧阳夏云
欧阳鲍
欧阳雨纤
沧魔
宰素
冰晶
丰堪
丰伍
宰席
冰瞳
丰半烟
仰绮波
仰凡波
丰友琴
宰父洪
冰棍刚刚v
宰父应
宰父方
仰怜阳
丰紫青
丰涵蕾
印妖妖
仰冷雁
宰於
杰哥
仰支
印夏彤
印姜
丰马
仰鲜于
丰雅柏
丰语蝶
印蔺
殷燕
冷庞
康徐
殷美玲
殷凌瑶
殷百里
殷紫雪
殷归海
殷冰夏
海少
海尔风
康左
殷牧
康韦
冷龚
海采柳
殷雁山
海飞飞
海詹
冷虞
康迎荷
★
包干
梅昌
傅惠
浅月
包紫翠
帅怀绿
梅之云
傅以旋
梅凌雪
包凝蕊
帅罗
梅南烟
情毒
帅碧玉
久病不虞
包夜蓉
梅尉迟
浅陌淡殇
包苻
帅芙
包访梦
包赖
梅萧
帅谢
有窦
廉糜
吉毕
冉符
厉柳
安景
厉羊
琉星
有吕
冉吕
厉从丹
廉友琴
仉凌波
安倍弯人
吉一兰
安然而逝
冉书萱
有罗
仉向
安凉
厉支
有种你来
冉小珍
安慕容
吉邹
仉马
有阮
安韶
有饭吃
安雁兰
厉苗
廉诗霜
方张
喻念之
文凝琴
施幻翠
方凌旋
喻念瑶
喻凝天
施亦巧
方凡雁
方子车
方乐蕊
喵美莉
於初蓝
文廖
施廖
喻祖
方杨
於乔
方山槐
方左
方慕
喻马
方霍
文龚
疾风烈
斜雁卉
疯魔
於莹
方诸
喻苏
方范
斜迎梅
斗帝
斗圣
时张
旋律
时空猎人
无心之路
时封
无民氏
时项
嗜血龙卫
无视伤。
娄王
樊孟
程吕
樊凡反
程宇文
程亦旋
樊嫣娆
樊廖
樊浑
樊冰蓝
娥娥
程夏侯
樊秋
樊赵
樊艳血
樱野
樱花之恋
瑞.埃达斯
摆布
呼延曲
呼延冬易
呼延绮梅
告白的那
呼延拓跋
呼延冰凡
呼延陆
呼延诸
呦呦
呵~
周昌
周绝音
周朱
周夏瑶
周尔丝
周公西
周雁
周莫
和余
和吕
咕噜呼噜
和书蝶
和廖
咸笑阳
咸晓夏
和安
咪咪你到家
咻咻咻
和太叔
璩巫马
璩牛
咸郁
和青梦
咸赵
咸赫连
咖喱君
哈寡妇
哈廖
哥在这☜
哈齐
放下
甘史
甘佟
支宛凝
支映梦
支单于
甘妮妹
唐如之
甘丹寒
申东方
唐庆龙
甘斌
申屠司空
申屠易云
生米党
申屠全
申屠裘
申屠费
甘夏
唐天
甄夏岚
申韶
支郦
申魏
甄顾
支飞柏
唐鲜于
甘香芦
申雨柏
申芝
申苏
唐费
甩货
支蔺
甄谷蓝
田席
田如萱
田初蓝
田飞兰
田菀
男神我的命
男姑娘
屠涫
汪冯
汪翁
屈刘
汪徐
屈幻然
米不乐
汪乐正
籍司空
汲依丝
池怀绿
池映易
江曼柔
汝怀柔
屈寻梅
汝依瑶
池司马
籍千雁
米友蕊
米涑
屠笑寒
籍寒凡
籍易绿
米涔雨
汲吉
屈廉
米於
屈善若
汝新瑶
汐瑾
江瑾凉。」
江太叔
屈小萱
汝巫马
江慕容
汪郦
米韶
屈邹
江韦
屠阳佟
池飞凤
籍雁风
米青曼
汲裴
屈赵
汲苏
汪赵
汝迎南
汝诗霜
汝董
汝蔺
屈谷兰
山卫
山卢
山上官
山以寒
山惜蕊
山廉
山姝
山阮
山雪巧
山袁
汤杞
汤白
汤缪
汤卜
汤含桃
居史
居尉迟
夏敏
夏席
夏末
天神
夏殇
天空之城
夏侯映之
天子笑
夏侯应
夏绿海
天然呆。。
处女血
天之赖
夜妖
太叔石
太叔乐瑶
太叔盼山
夏汤
夏太叔
夏韶
天雪
天辰之星
夹谷怜寒
夹谷邬
夔上官
夔千兰
夔姜
夔雨竹
大王
大使
大战神
大地黄宫
姬符
姬卢
姚单
姜家
姬仇
秦惠
姜含雁
姚灵萱
姬祖
秦应
姬冰露
秦海瑶
姚稚晴
姚夜柳
秋姒
姬尔蝶
秦慕
秦长孙
秋雨琴
秋轩辕
秋诗桃
姜谷粱
封瞿
水庾
水儿
尚万
水沁
封侯
小惠
尚柳
尚羊
封城
尚干
小俊
封家
尚糜
尚滕
尹戚
小啊朋
水代灵
水之桃
尼玛，别跑
水曼云
封千柔
小石头
尚千风
尚听荷
水笑槐
小凱
尹欧阳
小丰
小时候的我
水天晴
封慕
水郦
尚雨落
封虞
封诸
水苏
封赖
水赖
水芷雪
小蓝
尚蔺
尚谷粱
少女之心
少年郎
尤樊
尤鹿
尤裴
尤赖
尉迟柏
尉迟沈
尉迟宛儿
尉迟寒凝
尉迟屈
尉迟雁玉
巢段
左童
左何
巢楼
巴卫
左丘戚
淳于皮
左寻真
左丘又琴
淳于粱
左丘喻
淳于呼延
淳于淳于
淳于牛
左司马
巢百里
左丘齐
淳于青梦
巴妙芙
淳于荣
左丘虞
淳于许
巩子车
巫南烟
左向
巩冷雁
左鄂
巫马经
巫马王
巫马瞿
左香魔
左雨琴
左莫
左贾
巴莫言
巴赖
巩诗柳
深蓝
混沌
元段
关曹
养羊
慕晴
慕庾
养惠
关王
元何
公孙张
慕绾绾
党白桃
公孙家
公丹珍
公司空
公孙珊
公冶叶
慕容书琴
慕容念桃
公孙嫣然
公孙亦凝
公羊梦柏
慕容惋庭
慕容曼安
慕容素阴
公孙千青
慕容晓山
关紫槐
公冶牧
元百里
公寻雪
公孙黎
公冶雅绿
党翠芙
元南琴
元易梦
慎冰兰
公冰菱
慕傅
慕樱
慕支
公元槐
养牛
党邹
慎龚
党骆
养香魔
养青曼
公西禹
公西惜灵
公西东方
公西归海
党迎夏
公西顾
慎西门
慕葛
公良半凡
公良罗
公良归海
公良安
公良车
公良若云
全山兰
全巫
兔小乖
充宁
充卫
充平凡
充善愁
充赫
光凡达
牛吕
扈上官
扈梦容
牛百里
扶幼荷
扈碧灵
牛夏波
扈陆
牟问薇
牛聂
牛赖
扈芷蕾
剑
剑圣
牧尔冬
@731005
ay
Candy
ddajj
fhcvgchg
fuck.of
han
i！
Jayden
jyd.comp6@
kk
LZY老大
me
Rolin☆
S
Seop丿
Sherry
star
suwhwh
sylvia
tl四爷
tntaa
uuu
vicKy
Vivian
whua大帅
~柠檬少女~
yy
~~~~
零箫
龙猫
阴凌
顾七
郁纪
阙翟
霍史
邬楼
鲁瞿
麻吴
郜仇
鄂何
预梦
饶沙
饶家
陶武
鄂纪
阮万
陶杭
靳皮
龚缪
饶沂
郏干
阎卜
郁管
阳庾
须祁
鞠瞿
阳叶
郝常
韶毕
邴穆
齐缪
马楼
黄滕
骆孟
韩冯
须万
高祁
邵沈
逄任
齐宁
通燕
阎任
通柳
邬卜
那王
骆万
鲁伍
鲁俞
零。
邹珍
龙管
鄂曹
骆卜
颛孙缪
鲜于楼
颜双双
项亦凝
郁一一
长孙惠
阴念之
阮梦曼
郝忆丹
陶白凡
通乐儿
阎柏柳
邬绮琴
颜司空
郏凝琴
陈家宝
韦友儿
颛孙景
黄紫嫣
阮乐正
陈梦柏
阙怜梦
阎上官
靳含双
韩灵波
麻单于
颛孙纪
长孙缘郡
鲜于紫蓝
高凝云
黎忆寒
霜冥寒雪
送你归西
龙傲柔
颜白梅
项代梅
阎白卉
郁紫文
韩东方
高紫文
风玫瑰
都皇甫
韶白山
长孙天韵
齐依秋
长孙元灵
郭绮兰
鲜于牛
阎傲霜
都紫雪
阳百里
风沬雪
郏司马
郭百里
郜千风
逄紫青
项含蕊
龚又菡
鲜于贞
阳绣连
邵梦菲
郦子车
郁凝蝶
鄢又菱
阙代萱
那凌萱
静中花
须平萱
风羽辰
颛孙芷
鄢灵薇
陆傲薇
长孙蔺
齐廖
鞠廖
郝南宫
鲁杨
郜向
邵笑晴
黄宓
阚卓
顾宓
陆卓
韩卓
郏宓
韶晓凡
阙乔
靳孔
麹乔
须乔
顾孔
龙孤晴
魏碧曼
鲁欧阳
邬冰珍
风冰月
郏冰彤
通冰香
雪爷
高海拔
郎婷冉
阎冷菱
韦清
鲁傅
龙包
魏廉
郭嘉
须安柏
顾凉笙
黎文
郜方
邴新晴
鹏程万里
郁咎
马咎
高咎
郝支
陶唐
阳甄
通甄
颜汐玥
龚山菡
魏夏
项夏
须夏波
郏夏真
龚夏之
邬夜春
通夏侯
郝夜春
黄太叔
魏夏瑶
阳夜山
那夏青
龙姜
那秋
麻水绿
鲁小凝
食尸鬼
鲍水蓝
龙少.来了
鄢尔珍
隆尔芙
阮尔蝶
黎左
韶左
项巫
颜元
韶元
麹元
陈兴付
陶元菱
那JJ了
陈n赵7远m
阎龚
麹邹
飞飞
通邹
邵雍
马顾
郁顾
鲍黎
龚高
阙鄂
都郝
邬郦
阚郝
须陆
龚郝
郭鲍
逄雍
魏邢
都邹
逄郜
隆鄂
那雁凡
邵雪柳
陶雪珊
阮阳佟
邹鲜于
饶鲜于
鞠雪冥
郎静竹
阚长孙
雾里看花
龙黎云
飘雪零糯
项雪莲
阎雨灵
雪馨怡笛
邹郑
须郑
阮阑悦
颜青荷
鞠邓
邂逅
邵雅旋
雪魅@婷婷
龙雅香
逄雅蕊
龚闵
阙酆
韶范
逄诸
龙语
阙袁
鄂连
鞠赫
麻贾
雪莹
雪落
阎贲
顾詹
阮赵
阴虞
雍贾
邬访波
顾访烟
鲁语儿
骆若云
龚访卉
阳若樱
须迎夏
颜若颜
项语芹
骆赫连
雪菲菲
麻轩辕
阴轩辕
阳莫言
郏诸葛
鄢迎蓉
龚苗
颜诗筠
采花大盗
须芷蕊
阙蒋
陶蔺
阙谢
通谷丝
隗柳
隗平彤
隗幼蓉
隗唐
隗山柏
隗淳于
隗巫马
郗元
郗鲍
郗若蕊
馨月
雨的清新
雨夜
逑庾
逑仲
郑宫
金卜
逑依白
金司空
郑百里
逑冰珍
郑山芙
郑牟
郑韶
魑颖
郑醉波
逑问蕊
金酆
郑虞
金诸葛
金色冰雪
青涩°
麒麟轩
邓宫
邓千柔
邓幼荷
邓静白
邓超
郤孟
郤归海
郤颜
邰吴
雷家
雷占
雷涵柳
雷子车
雷浑
雷傅
雷贲
雅心
雅雪
魅魅
骉子
闽宁
闾丘凌
闾丘千凝
闻人千兰
闾丘梦蕊
闻人孔
闻人无颜
闾丘唐
闽听露
闾丘邓
闻人苻
闻人若灵
闾丘诗霜
闻秀
闽小凝
闻鲍
闽鲍
闻魏
闻邵
闽西门
闻苑睐
闻薛
钮凝琴
钦皇甫
钦卓
钮粱
钦孤丝
钮冰香
钮於
钮夏瑶
钮牟
钮雨雪
钦邓
钮谷粱
钱楼
钱程
钱雁丝
铭香
锺离管
锺依波
锺离干
锺离凝梦
锺离幻翠
锺离东郭
锺离浑
锺听寒
锺离程
锺离韩
锺离雨莲
锺陶
锺贞
鱼邹
酆幻儿
酆盼山
酆孤菱
酆汪
蠢
贾温
苍毕
贝灵
越章
费吴
边祁
詹燕
苍庾
胥仲
莫滕
许段
裘柯
苍俞
边戚
虞堪
辛权
虞石
裘沈
苍徐
血泪
苏博
计卫
虞叶
茹于
贲经
裴嫣
詹沈
贝宛
衡丁
赏柯
车家
芝柯
苏糜
荆柳
诸管
赵窦
诸单
胥武
衡任
莫干
辛燕
荆俞
血寂
赏万
荀婴
荆柏
计李
虎子45KKK
连白柏
贺傲柏
荆梦桃
轩幻炎
赵千琴
胡千凡
衡幻灵
赵念梦
莫幻然
袁凌珍
芮翠容
车傲柏
贺宛亦
舞希歌涵
茶沐末鸢
贾以云
莘映易
耿沛柔
虞惋清
计之卉
衡东方
裴紫文
詹亦旋
舞媚娘
这一生丶
苏百里
许东郭
贝依霜
贡素阴
能从阳
蝶梦飞
詹百里
苍翠霜
菲灵鹿儿
赵丽颖426
落心落
虞幼萱
荀乐萱
茹如蓉
说再见☜
边祖
袁祖
辛妖丽
荀宗
茹笑翠
诸卓
莘宓
费晓丝
胡晓帅
越易槐
茹易巧
詹拓跋
苏拓跋
范崔
轻柔♥可爱
聂粱
袁欧阳
许冰之
贺冰姬
詹冰露
越冰蝶
车冰薇
贡包
贲吉
计安彤
莫喻
贝樊
裴程
许樱
胡哈哈哈哈
胥支
莫唯雪
自由的小鸟
诸汪
袁夏
贡夜香
苏夜蕾
许秋
边秋
计尹
莫小茶
车尤
赏淳于
芮左丘
费巫马
自己
范慕
荀慕
荣公冶
荀陆
诸陈
赏郦
耀风
裘韩
许韦
莫邪
连高
诸魏
辛龚
芮邹
贾顾
胡郜
萌雪
芮郁
莫陈
边雪珍
赏飞绿
诸雪兰
蹭饭路过
聽雨
落雨之花
耿雨文
贾青旋
诸雅琴
越闵
袁闾丘
计闾丘
西门温
西门丹云
西门包
西门贞
西门贺
蛋蛋
輪迴
芮费
车詹
贝荀
边车
赏贾
贾荣
融芯
聂范
许莹
许诺
茹芾
贾袁
荆许
赏苻
轩辕家
轩辕华
赫连管
轩辕惠
赫连温
轩辕绮
胡舞仙
轩辕何
轩辕亦丝
轩辕惜珊
轩辕寄容
轩辕沐宸
轩辕灬剑圣
轩辕冬萱
轩辕紫萱
萌萌百草
赫连南宫
苏萌惑
茜茜大人
轩辕颜
赏轩辕
苍轩辕
轩辕荠
轩辕诸
詹赫连
荣诸葛
莫苗
贝萧
贝荧荧
苍芷云
越芷雪
诸葛佟
诸葛干
诸葛流云
诸葛代云
诸葛寒凝
诸葛赫
贝蒂.薇娜
能蔡
赵褚
荣褚
赖孟
赖傲晴
赖清炎
赖左丘
赖顾
赖陆
赖荧荧
苗任
苗笑卉
苗访冬
舒温
舒乐松
舒平凡
舒司马
舒诸葛
舒诗珊
舒诗蕊
花
花段
花千骨❤
花千骨轮回
花亦萱
花冰绿
英尚王
花巫马
花苋
花觅儿
贤妹子
萧严
萧凝竹
臧紫易
萧代梅
萧紫夏
萧左
萧马
萧聂
萧赫连
迷你
请叫我浮夸
起世空灵
超
超人欧巴
薄代珊
薄寻双
薄代玉
薄白卉
薛忆文
薛幻雪
薄司马
薛晓筠
薄冰菱
薄新梅
薄马
薛费
訾惠
訾祁
訾语柳
訾若蕊
董羊
董任
董灵寒
葛冰旋
葛包
董秋
董莫
蒋凌
蒋戚
蒙房
蒲卜
蒯史
蒋凌旋
蒙千风
蒙南宫
蒙冰烟
蒋三颜
蒙夜雪
蒯左丘
蒯巫马
蒲郦
蒙黎
蒋霍
蒋陆
蒯郑
蒲荣
蒋菲音
蒋褚
蒲谷粱
蓝宋
蓝滕
蓟管
蓬卜
蓝决
蓝盼晴
蓬白梅
蓝思天
蓟幻姬
蓬由
蓝慕
蓬邬
蓝顾
蓝阎
蔚叶
蔡景
蔡彭
蔡平松
蔚妙旋
蔚盛男
蔚丹秋
蔺濮阳
蔚凡英
蔡崔
蔚天菱
蔚项
蔺雯
蔡顾
蔚资
蔺诸
蔚诸
蔡语海
蔺谷秋
解令狐
解咎
解水桃
解马
解芯
谢沙
谢纪
谭石
谭灵松
谈绮波
谭忆雪
谯映菡
谢乔
谈令狐
谈安
谭静槐
谷潘
谷梁从筠
谷梁司空
谷凝旋
谷梁项
谷梁陆
谷梁赫连
谷梁觅珍
谷孔
谷薛
路含卉
路紫雪
路罗
路冰枫
路吉
路魏
艾惠
艾卡
艾孟
艾紫霜
艾爱唉
艾冰烟
艾元芹
艹TM尼玛
艾阳佟
艾静白
艾诗兰