##5
0987654321
23456789
555555
5656534572
幂幂
凌之
井洪
亢窦
熊宋
宣曲
武神
湛符
昆明
戴滕
傲儿
目空
笪凌
卞于
栾宣
琴绫
濮单
枫果
琴沈
…死
千叶
乐何
乌宋
楚仲
悲殇
毋段
宫纪
戈沙
禄羊
神拳
柯昌
华佟
白狐
楮卜
习任
丁宋
羊宣
何嵇
何瞿
彭俞
查惠
凌依
瞿温
吕昌
楮宛
平彭
庞曹
狄柳
止湛
戎卜
季彭
俞曹
查杭
戎佟
忆子
宁穆
任段
君临
羊惜梦
俞丹琴
寇白凡
恋子幽
孙翠桃
丁初珍
灭希羽
吴灵枫
王冠华
怀含双
步曼容
炸张张
戚丹珍
宿乐双
伏丹翠
上官浩
季紫烟
强以丹
紫禁城
年翠丝
司可愁
宫依白
刘梦凡
常幼珊
寇沛珊
明白竹
柴幻波
经盼晴
。。～
紫溪月
习紫翠
班亦丝
惠友琴
宫涵双
万俟堪
孟听双
伊如波
！。…
柴沛春
奈奈殇
季友儿
双千琴
孙中梁
法涵双
恋智月溢
穿着校服
七年七念
司空紫翠
紫晶梦琳
丌官怜珊
司寇凌丝
幻紫凌嫣
丌官惜霜
乐正幻雪
幻梦紫雨
快乐同行
万俟凝蕊
炻维倩茜
上官绿蓉
只亿ざ汐妖
凌丹妗
乜以南
欣欣向荣
戚凌寒
庄梦寒
宁念寒
晁梦易
别曼柔
班平彤
恋♥冰
思烈焰
佐立峰
柯盼海
楚惋清
石绮梅
【狼★魂】
洪代玉
穆宇文
希望△小希
沙二娘
琴嫣娆
楚初瑶
一念①孤城
么么哒2
一代屌师
岳梦山
况紫夏
准之处
司空天薇
空幻姬
嵇之槐
下一秒忘记
美丽小天使
万俟尔珍
彭悦先
可愛公主
段干元风
羿书兰
帝王剑龙
幽冥i
戏子i
【吻~痕】
倪凡霜
松梦露
怀如风
箫心雪
下午饭
乜凌香
狄如风
楚灵雁
红傲霜
楮思雁
千年食谱颂
幻星雨
梁丘郑
叶紫青
童梦蕊
楚半莲
盛凌蝶
干涸蝎
栾半莲
彭宇航
万俟苻
啵啵虎xi
梦幻蝴蝶
浦映萱
窦如萱
柯映萱
柳寻菱
家紫萱
禹曼荷
十月蓝城
梁丘解
王编
悠世
李罗
刘晗
柯南军
好狗不挡路
吃木木木
柯向
国向
桂涑
宫向
厄休拉
容向薇
步寒梦
亢寒珊
司徒残剑
倪毒娘
司徒闵
叶宓
杭易梦
李易锋
年拓跋
吕应
忆昔
孟崔
独孤
乾坤
伏令狐
晏凤妖
独孤世勋
俞碧凡
基地世界上
澹台慕凝
宣冰香
史冰香
卢冰薇
燕海云
七号夫妇
亢海蓝
富傅
沫清
毋傅
戚傅
美玉
成安
琳玉溪
丿沉灬飞雪
单玉兰
晏安阳
李安莲
华於
瞿施
东方晴
东方沈
东方玲
东方冯
宇文成都
宇文姜
宇文觅儿
凌新波
玩时空召唤
忆瑾月
希瑞娜
李周
叶咎
嘿咻…
干唐
沈甄
微生凌
微生念珍
皇甫欣雪
微生梦芝
微生宓
浮生醉
寇由
滕由
召唤万岁
羿田
伍屈
庞江
平江
伏江
妍汐冰雪
春天
乙夫
席夏
李天曼
曾夏寒
祁夏山
张天菱
严天蓝
晋外绣
你大爷！
丘姚
索尹
史小凝
卢水香
溪小静ヾあ
柯尔冬
戎尔蓉
孟尉迟
寿尉迟
束巫
皮巫
农左
别左丘
桂巧曼
松元柏
毕元容
戎慕晴
仇慕山
伏慕青
：光明
后牟
庄牟
张扬
杀手之王
从前的约定
离音
王鹏
吴邵
晋鄂
宋骆
富鲁
彩雪
刁项
任黎
子龙
烈风
吕颦
曹鲍
劳邬
神龙888
白靜初
晋长孙
沃飞珍
火龙王
忆黯然
楮雪一
吃饭了
东采柳
不顾一切
东郭从寒
濮阳凌蝶
祥雪㏑
♚风云✘烨
百里乔
东郭崔
孟雪卉
一鹿有晗
童雪旋
弘雪旋
悠陌夕
曹雪巧
毋雪巧
百里慕晴
漆雕高
东郭阳佟
百里迎梅
濮阳诸葛
伊香菱
叶香菱
柏香薇
平靖儿
伊雨双
毕雨灵
席雨灵
洛雨晴缘
伊雨如雪
沙雨兰
燕雨茜
武雨莲
♚金木研※
千金大小姐
未醒
相青
后青丝
习青柏
单青易
东邓
吃饱了撑
禄雷
房雷
孟雅柏
沈雅寒
寿雅青
晁醉波
步醉蓝
查闾丘
寿问玉
东门友卉
东门岑
毋酆
幸酆
容虞
紫苏
张资
宣范
丘赵
童话
国赫
皮贲
仇贺
寄语
丁语琴
橙轶漪
华胥引
破苍空
熙蕊儿
灵贝儿
心若止水
羊舌幻露
羊舌紫菱
冀访卉
窦语山
羊舌鸣凤
曾轩辕
沃赫连
法轩辕
曾迎蕾
昌诸葛
宋诗兰
景诗霜
后诗蕾
弘茗茗
狄茗茗
晶花妮
严萧
寇萧
梁芷文
益芷天
史芷蕾
华芷蝶
王者之心
王者之王
徐薇
じ薄情が
叶葶
孙豪
傲视苍穹
凌觅柔
晋觅海
幸觅山
况谢
简谢
曼谷紫薇
盖千愁
妖娆沙华
廖水桃
盖雅香
盖荣
罗沈
南宫佟
南宫映雪
南宫怀蝶
南宫梦萱
婗冰
林冰姬
南方
宗政忆雪
宗政尔珍
宗政龚
南门于
南门范
杨纪
墨叶
杨史
暨权
杨幂3056
杨凯琪
暨怜翠
晨。摩羯
墨痕
储慕
储轩辕
杨诗卉
墨色之翼
缑穆
缑仇
云翁
桑傲之
向映梦
↑¢妖-孽～
向曼文
发疯
刑天
向飞兰
桑贺
云语儿
寒冰
易单
卓为
卓双双
易凡双
拓拔章
拓拔雅容
弓雪兰
宓闵
易芷蕊
孔曼凝
孔新柔
应雁桃
应语薇
爱景
猱狮
影帝
影琦
朱紫寒
危涵易
爱杰哥
朱冉
爱顺
古紫烟
凤惜文
令狐郁
凤丽雅
令狐语琴
古安
凤雪旋
壤驷冰萍
壤驷赫
欧寄琴
欧月儿
欧灵薇
欧阳初之
欧阳紫伊
欧阳千鸟
欧阳寒荷
欧阳冷荷
欧阳雪曼
欧阳靖巧
灰烬
冰熙
印曲
宰卜
丰念烟
冰城之皇
冰心💎婷
宰父周
印惜天
宰凌雪
冰毒
丰崔
冰水雪儿
冰慧
冰雪狼王
冰雪之花
冰霜夏莲
冰雪姬
丰青曼
冰银雪
冰茹
冰蝶茉
冷♥凌雪
冷含海
海伦娜
海听蓉
廷皓翔
殷孤丹
康秋灵
冷魏
爷霸气侧漏
殷聂
涅磐
清宝
梅丁
帅比康
梅碧凡
傅冷珍
清风蝶影
冉念之
有一个姑凉
琉璃月霞
拉风的男人
吉飞荷
安雅
仉闭月
有钱必应
吉贲
安迪
安虞
安迎天
琉芨
喻柳
斜侯
喜羊羊
文梦旋
喻灭男
斜梦秋
斜安阳
文元
时公西
时光系
时鹿
时飞绿
时雪青
无脑虐杀
威武
樊卫
威百草
娄凤
程淳于
樊蔺
樱井美月子
樱花的悲伤
呼延杨
呼延娩
周乐萱
璩沁
和紫丝
璇子溪
璩怜梦
咸曼青
璇姐
和左丘
和邹
璩问萍
和诗蕾
唐皮
唐冬灵
唐研
支令狐
申屠素
唐慕
唐雨琴
甘贾
唐芸莘
唱唱
屠丁
屈冯
汲温
江任
汐月
籍戚
池凝丝
汝依玉
屈凡雁
米子车
籍寒凝
屈方
屈於
池无颜
屠咎
江天薇
屠秦
汝高
屠邵
汝莺
汲若
汝藏花
山丹珍
山紫槐
山周
汤符
汤初柔
汤青旋
居平彤
居西门
夜泪
夏侯白容
夏侯乐安
天真无邪
夏侯衫
夏侯踏歌
太叔安筠
太叔蒋
天山易冰
天天好❤情
天雅天雅
夹谷裘
夔嫣娆
夔孤兰
大便
大琴琴呀
秦卜
秦听双
姚宛凝
槭百草
姬孤晴
姬夜阑
姬迎波
封祁
尹宁
小梁
小浪
封丹烟
水可儿
小人儿
小千柳
小、柒
小染莓
水冰儿
小毅
小小儒
小元宝儿
小鸟游未来
封香寒
小锋锋
小草有梦
尤温
尤凌珍
尤惜萍
尤赫连
尉迟凝丹
尉迟梦寒
左沙
巴丁
巩孟
左丘翠桃
左丘千兰
淳于凌雪
巩怜阳
淳于贾
淳于若颜
左拓跋
巴夏云
巫马水蓝
巫谷粱
深蓝龙崽2
慕叶
慕凌
慕含烟
公羊禹
元绮晴
公冶盼曼
慕容惠敏
公冶凝梦
慕容之晴
公孙如冰
公冶如音
慕容亦韵
慕容廖
慕容易巧
养忆梅
公绮玉
慕如娆
公孙秀
公冶鲜于
慕容若翠
兮兮
党邹
元耀
公西石
公良幻姬
公良萤
全卢
全含莲
充凝蝶
充裴
光明女神
光之耀
≫-≪
牛宁
牟珊珊
扶凌柏
牛妙彤
牛碧萱
牧司马
牧语梦
A
Anglebaby
Angle雪
beby
dd
ggfcfcg
kone.文星
kran
Sas
sbsl
siyeicao
tgft
txt
XXX
zl
龙1
霍任
陌烟
雪梦
郏戚
项沙
隆凌
颜章
那彭
齐庾
高任
颜儿
雍宫
陆军
韦柏
饶干
郭孟
麻亦绿
阮翠曼
骆乐儿
阙丹琴
霍之桃
邬单于
陌离殇
那幼翠
魏沛容
须灵枫
龚初丹
长孙昌
郏紫烟
陈怜梦
郦绮烟
陈柯景
陈心朋友
速度与激情
雪歆向陽
阮初柔
雪域撩人
雪再生
鞠紫山
阎初夏
雪梦公主
郏书兰
陪伴@kyx
郜惜雪
颛孙鄂
陌末默
须含雁
鞠傲菡
陈冬萱
饶廖
鲁祖
通向
顾浑
韩向
邢笑寒
那宓
黄晓薇
龙崔
龙碧琴
郜冰菱
项傅
陈婉儿
阳夜梦
郁夜梦
阎天蓝
龙秋
饶小之
黎小玉
韶尔岚
郁尔云
高尉迟
龚左丘
雪兮！
韦慕容
龙@
鄂邵
鹿雪
鄢香岚
郦采珊
黛雪琴
魏韵伊
逍遥无极
通雷
隆钱
阎赵
露西
鄢荟
郦苏
顾若雁
露诗雅
陌菱梦
风花雪月
邴芷卉
阮芷蝶
郏藏今
项葛
顾蓝
阎蔺
雪豹猫🐱
郗祁
隗白秋
隗陈
隗诸葛
郗褚
雨季清晰
郑恺648
金晓琳
郑夏瑶
金姜
金阑香
郑舞仙
郑若菱
青月吟
邰新儿
邰西门
雷梦曼
雅玉
雅安琪
雅斯文
闽梦容
闻人庾
闻人单于
闻人之桃
闾丘嫣然
闻人以旋
闽南霜
闻晓灵
闻雨寒
钮婴
钮梦旋
钦绿蕊
钢铁侠
钦荀
钦莫
铁王
银月公主
锺童
锺离水蓉
锺离轩辕
酆凌晴
酆寄琴
诸宫
荆庾
耿章
苏惠
诸管
血沫
莫景
袁珊珊
袁含灵
衡灵凡
贺嫣然
虞曼凡
苍寻凝
车厘子
荆单于
诸司徒
范傲易
贡亦巧
赏梦菡
聂凝蝶
许涵蕾
聂书蝶
轩奇艺
萌晨
茹晓蓝
荣孔
许柔
贝呼延
萌呆呆
莫田
至夏
贺秦
荆封
至尊王爷
莫小夏
赵尔丝
费巫
莫兰
融郝
赏郁
荆韵雪
耿雷
西门凌
西门司空
西门浑
西门山蝶
西门尔珍
西门郑
远远
范聂
轩辕朝雪
赫连代芙
轩辕乐荷
赫连令狐
赫连碧灵
轩辕於
赫连江
赫连郝
轩辕资
诸葛婴
茹葵阴
胥褚
能褚
赖孙
苗奥华
茗雪
舒凝冬
花仙女
花仙子14
花凵骨
花千骨370
花恋蝶
花易巧
花田
赤练
萧真
萧殇可
萧潇寂宸
萧采白
臧飞烟
迷茫之城
茅朱
莉
莉莉丝
薛听云
薰衣
訾寡妇
訾甄
訾左丘
訾颦
訾飞松
葛侯
董柳
葛梦秋
葛从雪
董诗蕊
蒯凌
蒲白容
蒙幻嫣
蒲梦清
蒯梦玉
蒋傲芙
蒋南蕾
蒙颜
蒋雁桃
蒲谢
蓝沈
蓝书兰
蓝孔雀
蓝冰蝶
蓝夜南
蓝鲍
蓝雪樱
蓬若魔
蔺牧
观月嘉儿
调皮捣蛋
谯亦玉
谢忆雪
谈岑
谢元容
谷权
谷傲薇
谷梁葛
谷采蓝
路凌
路幻嫣
路怜雪
路霍
路觅露
路路通
艾韩
艾赫