寸
宦杭
亢白
晏曹
琴仙
管符
平凡
丘孙
刘占
叶景
羊经
琴涩
怀窦
琴紫
笪宫
叶子
伊利
女子
妮儿
井孟
孙权
羿曲
晶灵
暴梦凡
禄依琴
东柏柳
红盼晴
穆单于
伏一一
景绿凝
红之双
禄嫣然
吕妙晴
容思松
丌官白
万万岁
猪猪侠
沐乄残心
席司徒
单司徒
师怀柔
何平安
严以山
女王大人
侯一兰
上官牟
万翠霜
明百里
李朝雪
白素针
庞怜菡
暴幼蓉
佘南宫
端木诗蕊
司徒丁
管宓
伊晓蕾
乐朱
暴令狐
紫冰心
竺冰岚
王冰之
澹台元
怎样。
千殷玖绯
相傅
冀廉
二三
缪安白
浦喻
楮方
宇文廖
东方碧萱
微生曹
皇甫吴
松山蝶
彭姜
白水灵
武尔琴
堵慕容
昝元珊
庞元容
年郁
亢齐
宁高
单韦
忆香之
游香之
相飞兰
穆雨竹
温青梦
徐邓
杭雅柔
索闾丘
涂问枫
劳问梅
祁费
羊舌戚
子车晓亦
仇若男
伏西门
白语蝶
纯西西
戴迎荷
俞苗
游街可乐
羿诗蕾
别芷巧
广蔡
富谢
岳谢
盖绿柏
廖雨琴
敖芷荷
祖董
罗寒凝
宗政盼兰
宗政归海
林由
林雁兰
暨尔烟
墨莹芝
墨觅夏
缑卢
云子含
滑凌波
桑丹南
岑南宫
归绮露
宓燕
弓伯赏
桓公西
卓马
易隹泉
五月
崔昌
孔安珊
乔诸
爱梦雨恋
朱雨寒
令狐凡蕾
令狐田
令狐静丹
壤驷西门
欧阳孤萍
欧阳雪
仰千秋
宰父静芙
杰哥
仰尔风
冷琦
海单于
冷紫冰
卷毛大将煜
冷寒心
殷雪珍
傅咔咔
安儿
吉罗
沉莫
方羽轩
方南宫
於碧琴
时怡
时盼曼
娄乐儿
咸孙
璩高丽
申余
唐幻竹
唯爱凯
申屠宫
汝彭
山温
汤代容
汤荧荧
夏沈
夏侯李
夏凌雪
太叔皮
太叔幼珊
大侠
姚水蓉
秦雨真
水之柔
水木年华
水踏歌
尖沙咀
尤邹
尧婷婷
左幼枫
左丘依白
巫司徒
淳于秋
左晓山
巩问萍
左裴
慕潘
慕万
公糜
慕容冯
公孙无色
兮梦璐
公羊采波
公安
养新之
慎雍
元芹
养车
养解
公良皮
牟王
扣字捞b
牛包
扶问萍
egrum3290
陆楼
黎泊
邪神
饶凡桃
郁幻丝
鲜于乐正
雍盼夏
黎紫槐
黎依霜
靳濮阳
长孙落雪
鄢紫蓝
韶晓霜
龚涔雨
那冰菱
郁安荷
麹山兰
阳龚
郦阎
陌陌嗒
郝飞兰
项靖荷
龚雨文
韩青亦
雪蕾女神
郜迎荷
郎赖
逄芷卉
顾谷南
邢谷蓝
郑宋
金赫
邓骆
邰觅双
雷霆刀锋
髅裳
闽盼烟
锺晓夏
酆牟
边卜
越堪
芮李
詹滕
荆听双
裘以晴
胡千柳
莘梦芝
计羞花
荀南宫
裴喻
苏呼延
胥周
苏太叔
连尉迟
诺兰陵
能鲍
能龚
西门房
西门鄂
费许
蝶舞
花沛蓝
訾宛菡
董吉
蓝管
蔺凝旋
蔡尔丝
谢童