19880818
24316
94。
溪
凛
柯洪
红何
狄严
王杭
心殇
楼涛
残泪
梦琪
懵懂
泣殘
丁涵
焦卫
孟管
佟仲
翟席
束景
源皇
刘沈
童忻
禹于
单仇
狄紫
吕昌
简宁
星离
曹吕
信乃
悠翠
段梦凡
童幻悲
乌妙竹
没什么
宦傲晴
毋紫翠
盛含双
段干伍
卜绿真
乌幻丝
楪祈。
任亦竹
伊妍栩
瞿绮波
厌弃战
空梦凡
丁涵柳
伊寻琴
羿涵柳
刘怜晴
七七、
游丹琴
奚子叶
•主﹏宰•
凡凡、瑞
乐正思天
曹然然姐
双子星公主
灿白勋鹿
星梦灵雪
沐依晨
紫伊晓雯
柳妙彤
佟曼梅
刘梦瑶
双书瑶
纪涵瑶
司寇汤
恋い夏
叶紫姚
佘丹秋
伊怜雪
梁丘齐
卢丹雪
刘千雁
柳绮露
宋忆雪
梦、逍遥
紫晶风铃
段干青荷
上官雅蝶
毁灭闪电
倪子车
戴紫菱
凌晨月
白木槿
带我下地狱
毋向露
翁向薇
佐晓璐
戚易巧
思柔
忘伤年
绝交巴黎
凌碧灵
梦冰
烈焰战神
澹台念瑶
♚冰香
戚冰蝶
竺冰菱
利方
栾新筠
与时间为敌
曹操
微生穆
皇甫素阴
微生阎
梦夏
炙天使
成夏瑶
孟夏蓉
叶秋双
席封
漠小晶
童小小
竺小蕾
糜水蓉
国民小妹
歌淺諾離
糜元
柳慕容
星光
农郜
不造
桂齐
御风
湛韦
吕邪欢
杭静竹
梦魇之夜
漆雕惜霜
况飞凤
漆雕吉
东阳断日
东郭水瑶
漆雕尤
紫雪允儿
洛雨诺
绾青丝
乐青烟
寿青柏
柯青荷
禄雅寒
习醉蓝
奚问萍
东门伯赏
东门访蕊
后钮
恋蝶
华赫
柠莜
游赵
星蕴
羊赛君
亢迎曼
满若灵
彩虹桥
惠血茗
干诸葛
余诸葛
寿苗
伯诗翠
皮芷
单芷雪
游芷荷
紫薇薇
法蔡
空谷传瑛
盛谷粱
紫色戒
亖
敖惠
盖史
敖亦玉
玖娓萌狐゜
廖雨真
敖裘
廖肉肉。
罗依瑶
罗怜雪
南宫问蕊
林瑞雪
宗政宇文
盗金船长
北辰洛雅
罗芷蕊
暨宋
杨以珊
杨洋我爱你
杨听兰
储笑晴
墨乔
滨婷
杨雨曦
杨雨彤
云柯
向以柳
桑又夏
云木之眼
粑粑烧糊了
向施
岑雪枫
我虐你妹
寒欣
柒初雪
戒网
寒寒i
寒印
桓何
晓月灵
易全
宓雅容
桓语琴
乔丹彤
乔惜萱
崔南宫
爱她
爱❀
爱你(>ω<)
爱恋……
朱依柔
筱孜冉
令狐单于
古白卉
凤冰海
凤冰香
古冷梅
古手羽入
凤雪晴
欧阳映寒
冰雪樱花
印许
印莫
冷泪
海糜
冷孟
殷吴
冷子初
殷盼晴
康以寒
殷梓涵
浅瞳丶
傅梦秋
梅灵煌
包邹
清风吹我襟
傅许
玉灵
琉璃珊
琉璃儿
琉璃寒咚
琉璃冰月
凉辰梦瑾
文博星辰变
於白安
喻微言
於飞双
施青烟
文语柔
时王
时空老人
程博文
娄问薇
娄觅荷
樱染茗
瑾º
呛人心
呆兔
璃栀S落殇
璃】
哒哒噜哒哒
申慕晴
田马
江柯
汐澜
汲侯
米凡儿
汝映易
汐恬青
屠清涟
籍蔺
山菲鹰
汤晓灵
夏沫清风~
夜玫瑰
天啦撸
夏天天
夏茉丶
大勇
大海
姚书蝶
秦碧菡
姬雪一
姚芷波
小 小
水白秋
小云朵
尹支
封汤
小小阿狸
尉迟梦容
尉迟郜
左安卉
巫马妙梦
巫马南宫
公孙上官
兮浅
元甄
六六
养邬
公雁菡
关雅寒
公西包
公良崔
公良水儿
公良醉香
兰心
兰梦花语
扈幻露
牟晓露
牟冷菱
牟落雁
剑圣盖聂
牧映容
Healer
old
骆缪
高史
风刺
邶笙
黄嵇
邢翁
韩嵇
颜绯月
阎沛凝
颛孙昌
颛孙绝音
魏丹南
陌妍筱琦
顾忆彤
颛孙慕青
霍从雪
鲜于顾
鬼千魔尤
郭宏耀
陶思菱
龙初蓝
邬卓
韩冰彤
顾安珊
霍方
龙夜雪
饶颜
鞠雪曼
靳醉蓝
龙问芙
韶衣
饶赫
郎许
陶莫
通语蓉
黄茑
颜董
霍葵阴
陈豆豆
阚觅山
陆谷芹
陌路王妃
郗绿旋
隗蔡
金刚王
黑暗噬光
金喻
魔鬼中的你
郤傲易
邰夏侯
邰元彤
雷神.火魔
雷小电
雅儿
雅思思
闻人资
钦宁
钮友瑶
钱采枫
锺离冰兰
鱼丁
酒霞
迁
许窦
荆伍
辛叶
诸万
计纪
费珊珊
苏家彦
請杀了我
贲听寒
莫司徒
苏月娥
萌主cc
芮如霜
袁怜雪
赏妙菡
若紫薇
苏清浅
贲安
莫支
若天依
荆元珊
赏元蝶
赵郝
苏魏
血龙
虞黎云
荀采文
贝茹妖
诸若山
赫连诗兰
耿赖
贲诗槐
血荒
诸葛芫
花若雪
超级战神
辉姐
莉莉
薛代柔
訾夏槐
蒲幻雪
蓝海豚
蓟颜
蓝若雨
蓬若魔
蔚白枫
蔺傻姑
豪仔
调灵
谭凌香
谢聂
艾水风
艾邪欢