&5**&
6666
6732…
?
心
晏翠
禄王
匡滕
益徐
怀曲
嵇孟
楚祁
刁宫
滕王
烈炎
焦禹
寇笙
昝祁
圣儿
余硕
仲叶
章童
习洪
卞瞿
伊乐
于经
狂战
翟杭
武狄
吴月
奚祝
传奇
梁丘沂
梁丘仇
仇盼烟
司空严
成寻凝
禹司空
杜单于
奚初曼
于梦岚
相碍。
怀以冬
！死神！
溪流灬月下
上官凌云雪
战神子阳
烈火爆龙
狂暴成魔
你是我的！
彭以寒
羿曼寒
法司徒
一切归0
庄思柔
何凌峰
严伟杰
？？帅气
孟傲安
琴宇文
司东方
法亦旋
曹凝旋
皇沐娴
寇寄瑶
卫紫夏
上官夜柳
神火天炎
紫悦公主
凌波公子
寂寞先生
华曼香
华怜雪
毕听露
紫火龙
庞百里
严紫霜
不知道
战神魔
女神雅典娜
倪书蝶
柳涵菡
没心肺不累
伏绮菱
楮涵菱
松幼萱
潘灵萱
庾紫蓝
权绿蓉
柏廖
傲世i
吕宗
温杨
星晨木子
端木安
端木顾
司徒司空
段归海
侯归海
心染
孙梓原
景晓霜
纪崔
吴粱
羿冰真
澹台东郭
栾冰菱
索冰菱
双傅
容清炎
卡嘉斯
战争时代
严三娘
李泉兴
佟喻
昌喻
宁方
丽娜塔莎
吕哥
微生伍
微生向珊
皇甫齐
微生访云
国由
乐夏
笪夜梦
孙太叔
熬夜伤身
月夜樱花
曾天薇
惠秋
庄秋翠
徐小勇
潘小婷
东水卉
戈巫
宁左丘
相巫马
席巫马
杜慕梅
神兽连连
、剪水双瞳
卡牌少年
杭陈
幻龙
卢邵
彭鹿
索鲍
杜龚
相颜
何魏
燚龘
滕邢
王齐
章鲁
战龙24680
东郭廖
漆雕南宫
司马汤
东郭裴
平香菱
狂魔
惠雷
李闯
东门姜
何鑫富
司荀
益贲
孙车
别赫
伯苏
晋裘
勾荣
栾裴
索赵
班聂
别许
戎访冬
不败神话
堕落、辉爷
柴轩辕
湿身者
恋花雨
王者第一
王者之王
勇者是女孩
凌蒋
嵇蒋
丁蒋
庞褚
乜解
年觅夏
廖紫萱
敖韦
林亦玉
宗凌香
南宫萱景
宗政穆
宗政向松
宗政鄂
罗巫马
储丁
墨鹿
刑
缑王
岑卫
云丁
我恋你
我是怪蜀黍
云灵寒
我是新人e
云志博
缑静芙
滑贾
归宓
归孤兰
当月长空
卓梦菡
拓拔牛
卓黎
五灵神王
孔紫夏
翔翔
比比东
乔长孙
乔苏
焱神
爱丽丝
爱依珊
朱中蓝
爱语兰
凤琳
令狐
令狐仲
古月淋曦
令狐慕容
令狐踏歌
凤清儿
碧蕊
冰晶彩莉
宰父褚
灰灰龙
宰唐
印小珍
冷乐正
冷月馨香
冷方
海顾
海阔~天空
傅任
包任
梅凌波
梅曼梅
帅哥
傅高
清风醉
冉半蕾
有易绿
凉汐
吉酆
方家
於妙芹
施南霜
方寒天
文瑾灵
單槍匹馬//
喻水儿
方诸葛
时穆
时代
无禁炼狱
时空守护者
时空召唤
无敌小公主
程凌珍
程平松
樊於
呵呵感觉
周楼
哈方
支单
申屠皇甫
申屠依霜
支苏
籍一寡
屠凤妖
求包养
米安蕾
屠尔白
汝韦
屈雨寒
屈萧
汪芷天
汤傲南
居寻云
居慕容
天昊
夏侯千山
夜白晗
夜凌云
夏侯慕容
夹谷司马
夔南宫
姬丁
姬单于
秋尤
姚淘
秦慕
姜郁
秋西门
姑姑
尘埃
小火龙
尹呼延
水黎
尚钱
小蝶
少夜
尤王
淳于翁
左丘以旋
巴忆彤
左丘鲁
巢晓凡
巫鲜于
巫马初翠
巫马雍
公孙童
公冶惠
慕容卢
慕容司徒
养梦秋
慕容邓
元妙菡
慕容董
元樱
关鹿
公西郑
全吕
充柯
牟柏
扈叶
扶崔
Ard丶宝
bkngg
C6
Enna
hghfxfg
o(╯□╰)o
sheng
vlp神吕布
wjp才能去
Ye.黑无常
齐孟
韩单
靳卫
邹仲
魇月
阳宫
高宫
通孟
阎禹
郦缪
陆余
都盼曼
魏凡白
逄翠丝
雪之死神
鬼泣玄月
鲜于凡灵
颛孙皇甫
邴听寒
逄凌寒
饶东方
长孙江
邢媚颜
郦怜阳
黄智荣
高惜芹
郭仁辉
郝宗
阎卓
饶傅
阎喻
郏夜云
郁天荷
颜姜
颜秋烟
郎封
鲍元菱
黎魏
高雪柳
静音琴姐
霹雳风云
郝雪青
鬼龙莽莽
高苏
阎虞
郜范
黎赵
陈褚
郗以丹
雨浩
郑温
金凌香
骑天大圣
金赫
青蓝小寻
魔王
魔鸿
醉酒。
钮万
钱孟
铖
锺万
锺汪
锺诗兰
鱼薛
酆曲
酆凝琴
车石
荆笙
莘禹
虞叶
莘嵇
范千凝
苍紫真
贝东方
范二痘痘
计灵槐
贾白风
老了老了
越向秋
萌比i
赵冰菱
胡施
菲娜
赵支
辛天真
裘秋玲
贺尔蝶
许左丘
贾淳于
聂颜
赏阎
虞雁枫
胡雪兰
莫问
融闾丘
越语柳
轩辕咎
轩辕公冶
赫连公冶
莘轩辕
轩辕苏
轩辕赤帝
诸葛燕
舒冰双
花不败
臧雅柔
萧萧风寒
莉莉
薄映真
薄梦易
薛向松
薛晓兰
蓝宫
蓬瞿
蓬惜儿
蓟忆梅
蓬听蓉
蓟蔺
蔚蓝之海
解方
谢戚
谢寻芹
谈元柏
谯雍
谈莫
谷梁鄂
谷左丘
谷连
艾瞿