冯宣
李权
明宣
昌素
史张
司幻儿
刘一一
冯紫翠
卞如曼
惠灭绝
任梦凡
湛上官
梦⭐️
司寇念双
宠☆儿の
倾城之恋
梁丘从筠
上官潇儿
机灵的明星
凋残的樱花
张忆寒
惠幻姬
灼眼小夏娜
温忆雪
昝傲霜
灵丝贤
刘梨愁
端木半烟
端木费
烟云～雪儿
玲珑蓝花
曾卓
符廉
梦琉璃
怀新晴
绝痕月
景程
春哥
皇甫灵枫
后尤
宣左
纳兰嫣然
双魏
司马以寒
彦韩大少
王逼逼
倪雨雪
梦雅安
滕问兰
从贾
柏虞
暗月
南宫语蕊
宗政余
杨阳佟
向左丘
檒雨
拓拔嫣然
易冷梅
爱☆恋
爱的木偶
朱雨柏
孤狐银晔
壤驷惜萱
殷嫣
殷惋清
卷毛大将王
安然
喵了个咪
文司徒
嗨比
娄晓蓝
汐月
江书蝶
山孤丝
居连
夏柠栀
天使之泪
天使之翼
夏侯凤妖
夏秋
夏雪
秦窦
姜小小
小炫
小俢
水晶儿
小明一米八
小甜豆
小公舉
尉迟於
巩紫安
巩尉迟
巩韶
巩香薇
巴赫
养向珊
关香露
慕范
充虞
Hasho
Van
邹伍
靳禹
魏曲
鞠乐枫
邬沛容
骆忆南
长孙韶
齐傅
郜陆
韩香薇
颖落
雨黑2015
郑幻灵
邱俊皓
郤乐儿
钮祝
血罂、
贲白山
连灵槐
许孔
赵周
落雪～空
贝青荷
败荷
花精灵
蓝梦柔
蓝水瑶
蓝雨灵
蓝色妖姬
蔡黎
谯依丝
谷梁左
간격