##5
.少年
123阳阳
1715哦哦
20041112
5632
5656534572
5无情
神
柳盈
庞曹
神王
季彭
王昭
乌宋
熊章
严真
平彭
寇怡
亦晴
冥殇
濮单
宣曲
童童
仆人
目空
你吃
别卜
栾宣
翟堪
吕昌
何瞿
亚梦
焕然
祁惠
终仇
晋卢
王童
妃妃
庞祝
栾嵇
戎佟
常李
卞于
美玊
殳滕
叶涫
丁宋
叶琛
堵滕
祁白
段俞
禎禎
皮宁
容禹
幕幕
孟卢
司洪
武神
晚晴
浦洪
竺燕
严纪
凌依
华卢
松潘
庚心
李仲
惠翁
广卜
熊宋
千叶
曦凌
…死
从真
倩幽
步宋
希欣
万吴
终极*无炎
寂灭.烟火
紫吹澜
徐敬涵
宿乐正
紫禁城
杜单于
叶百百
王冠华
简宛儿
宦又琴
伏绮晴
恋子幽
伊如波
玄念念
丌官卜
紫曦玲
司空任
余怜珊
家梦容
束念柏
梦可可
柳含双
堵依凝
寿绮琴
湛乐儿
恋丽丽
宫涵双
柴映梦
宫单于
明不平
！。…
孙中梁
岳灵歌
上官卿
！…：
富怜容
伊梦曼
炸张张
冥羽心
柯寄凡
皮含桃
杜梦棋
灭希羽
燕念双
匡丹亦
孟听双
琴一寡
彭绿真
王家磊
习紫翠
洛亚可
亢可愁
宋怜珊
火之女
凌楚溪
任忆之
穆双双
东千亦
司寇寄松
司空幻波
上官幻灵
垂离初柳
恋智月溢
法修史丹比
妩媚的柔
上官紫清
半空城旧梦
离殇之雪
段干忆霜
丌官惜霜
紫碟伊雪
幻梦紫雨
上官亦轩
炻维倩茜
单于子车
最强王者
司寇念薇
上官绿蓉
祁忆南
乜以南
沈以云
戚凌寒
嵇灵寒
石敢当
班曼易
君千漓
凌千易
丌官晓绿
干千柔
单于孔
佐立峰
石绮梅
焦半梅
别友卉
景紫安
嵇曼安
叶紫文
沙宇文
羿依瑶
单于姚
暴又槐
可可小爱
万俟尔珍
劳伦·迪奥
彭悦先
万俟慕
可愛公主
司空慕儿
偶像公主
双凌兰
广可兰
总是@等待
章书雁
楮思雁
步涵阳
羿灵阳
红傲霜
李从阳
沃紫霜
栾凝阳
怀如风
狄千雁
空依霜
神之龙
狄如风
箫心雪
下午饭
仲东郭
千幕雪GY
千年食谱颂
上官雅霜
栾半莲
常沛萍
盛凌蝶
琪宝贝
翁含蕊
吕绿蕊
史凌蝶
万俟萝
寇含芙
况凝蝶
窦听莲
余代芙
勾初蝶
柴凝蕊
堵紫萍
思念而已
流星蝴蝶结
段干诗筠
家紫萱
庞幼萱
双映菱
格殇花
于依萱
孙依萱
叶听荷
丘白薇
督中蓝
十月蓝城
吕乐蓉
毛从蓉
没看见
柠檬艹
潋妖
傲世>小优
年妖妖
九妖娆狐
冬暖夏凉
李罗
你吗
修罗神将
国南露
沈晗雨
庄梨愁
端木晓
端木郦
壁坑
桂涑
厄休拉
容向薇
宋寒梦
简寒梦
司徒友容
司徒百里
司徒易巧
司徒冷荷
杭易梦
年拓跋
孟崔
星塔
吃影子的猫
♥爱出发♥
可爱小萝莉
乾坤
独孤
富令狐
房令狐
井令狐
、孤妄&
独孤世勋
宫孤萍
《欧阳修》
梦冰
澹台侯
残冰梦
司冰绿
宣冰珍
石冰旋
弘冰旋
终冰夏
宣冰香
史冰香
劳冰蝶
卢冰薇
段海白
燕海云
戚海瑶
七号夫妇
温海露
万海蓝
潘包
纪廉
卞廉
伯嘉
幸廉
成安
庞吉
丿沉灬飞雪
吕安寒
张安雁
浦施
纪喻
沃於
东方冯
东方玲
师善愁
宇文成都
东方雨玄
缪新梅
噢旺
卜嗳了
玩时空召唤
毋樊
忆瑾月
叶咎
嘿咻…
殇璃冰梦
帥哥
磊哥哈哈
司支
卫唐
弘甄
微生凌
微生怀柔
召唤万岁
涂田
羿田
昝汪
后汪
纪夏波
曾夏寒
堵夜雪
你大爷！
利姜
勾秋
卜秦
穆秋何
徐秋灵
幸秋尽
索尹
师小子
宁水瑶
伊水瑶
卢水香
李小闹.
经尔冬
柯尔冬
常尔安
神气萌宝
戎尔蓉
皮巫
曾左丘
戴慕
森先森
国元绿
师慕容
宫元瑶
梦兰
圣光剑神
庄牟
张扬
从前的约定
神nkkknkk
盛齐
丘韩
晏鄂
季郁
佟韦
刘鹿
简郁
孙鲍
沃颜
子龙
单齐
戚韶
王鹏
烈风
熙飞
桂陶
笪鄂
容邹
习静珊
宦雪冥
吃饭了
楮雪一
暴雪珍
火龙王
单香之
佘长孙
亦雪漠然
漆雕依柔
百里亦瑶
漆雕依霜
濮阳凌蝶
百里代萱
倪香寒
濮阳晓露
匡颜演
百里乔
一鹿有晗
班香旋
燕雪旋
宦雪旋
盛雪瑶
濮阳夏波
漆雕夜玉
百里尔冬
毋雪巧
千露露
穆雁露
徐静雯
灭魂飞鲨酷
余雪青
戎雁菡
宣雪莲
漆雕访蕊
房采萱
叶香菱
柏香薇
吕香薇
梦飞跃
濮阳艳血
束颖
刁靖雁
翼遗冷
素雨
席雨灵
毕雨灵
伊雨旋
单青易
乐青荷
东邓
禄雷
孟雅柏
优雅的雪女
席雅香
毛醉蝶
洪问凝
东门杨
东门岑
梦铃公主
毋酆
湛酆
容虞
庾裘
干费
束詹
王连
童话
晏莆
依萌
宁若
燕贾
惠赵
仇苻
华胥引
涂舞仙
仲若翠
幸运孩子
紫轩幽凌
何迎南
湛迎梅
紫蝶@
羊舌鸣凤
子车采文
沃赫连
曾莹芝
曾轩辕
刘轩辕
楚若菱
白若菱
子车薛
昌诸葛
柴诸葛
冀赖
乐茗
后诗霜
曾诗蕾
灭英
※花千骨※
立花酱
严萧
寇萧
宣荧荧
星辰月影
伊芷珍
梁芷文
益芷天
杭芷雪
白荷花
王者风范
凌莉
徐薇
仇蓝
匡蓉
涂蔡
沙蔡
晋蔺
孟褚
于觅荷
曼谷紫薇
房谷云
桐谷e人
☆艾薇☆
妖后
盖千愁
敖梦岚
取个名字
敖书蕾
盖冰薇
妖娆沙华
祖魏
盖访冬
盖迎彤
南宫梦芝
南宫梦萱
罗中堰
南宫海冬
宗代玉
南宫婉白
南宫早池
罗翠阳
南宫莫
南宫轩
宗政管
宗政晓瑶
宗政鲍
宗政龚
南门范
罗芷蕊
暨权
杨史
晨。摩羯
储晓灵
杨乔
杨邓
储轩辕
杨诗卉
墨辰
云翁
向曹
缑仇
向余
缑穆
向映梦
向幼萱
缑杨
桑笑柳
我爱苗苗
岑冰兰
滑冷玉
刑天
滑天亦
刑天X5
岑飞烟
滑雅琴
殒殇天地
寒冰艾希
寒玉蝴蝶
归诸
卓为
易凡双
宓绿海
拓拔章
拓拔雪巧
弓汝燕
宓夏寒
桓元彤
乔千柔
孔梦安
崔一兰
乔南宫
笔墨迹
且笑红尘
孔龚
应雁桃
猱狮
爱单
危幻珊
爱曼寒
危涵易
爱娩
爱赵
凤乐枫
令狐从丹
令狐曼彤
令狐傲蕾
古丹寒
凤惜文
令狐郁
凤梦菲
古凤妖
凤冰露
古样
古慕
凤雪晴
壤驷乐正
欧阳依珊
欧阳千鸟
欧阳清雪
欧阳兰
欧阳雪曼
欧阳雪沫
欧阳萝莉
宰卜
印曼冬
现实主义
宰父念瑶
冰晶·雪龍
冰封白雪
冰封归来
冰雪森梦
冰雪狼王
冰雪之花
丰采文
冰雪姬
冰雪oL
冰银雪
冷♥凌雪
冷如雪
殷孤丹
婷姐姐
殷车
海迎海
康芷荷
包宁
梅紫夏
梅半莲
帅比康
梅碧凡
情冰
傅冷珍
情姑娘！
帅陈
傅赛君
安紫
玉灵
愉悦王
冉寄柔
冉妙旋
廉二娘
冉如音
安冰兰
吉包
有善若
凉生、
吉汪
安水之
拉风的男人
仉青亦
玉麒麟
仉闭月
有钱必应
安迪
安虞
粉色星空
斜万
喻狄
施席
喻柳
喜羊羊
文平彤
斜汪
斜天蓉
文元
喻袁
斗
斗丿帝
无殇
时凝梦
时之精灵
旋涡鸣人
无情杀手
无争
威武
程司马
娄山灵
瑶酱🎄
呆萌小花猫
周乐萱
璩寄真
璇姐
璩尉迟
咸郁
咸薛
哈刘
哈书桃
哦啦啦啦啦
哈雪曼
唐皮
唐寻冬
唐美珍
甄紫真
甄凡灵
甄凌旋
生如夏花
放纵者
甄冰蓝
申屠友儿
申屠新波
支聂
申萧
唱唱
田迎荷
江任
汝狄
汝凝琴
汝依玉
汝翠风
屠傲霜
屈凡雁
米子车
籍寒凝
汲呼延
屠咎
籍天薇
池小蕾
屈慕卉
汝高丽
汝静蕾
江贺
汝藏花
山紫槐
山夜雪
汤符
汤寻芹
汤青旋
夏沐儿
夏梦紫
夏侯白容
夏侯乐安
夏侯凤灵
天真无邪
夜幕英里子
太叔韦
太叔蒋
夢樱
夜里昂
夏芩薰
夹谷宛亦
夹谷善斓
夹谷小霜
夹谷觅夏
大东瓜
姚丁
姚滕
秋仲
姬怜美
秦听双
姚宛凝
姬翠绿
姚依秋
姬夜阑
姚淋凤
秦风雪
秋青雪
姜若菱
小梁
尚孙
小奇
小人儿
封丹烟
尹傲丝
尚怜晴
小星仔
水之公主
尹紫雪
小百草
尹南蕾
小染莓
小毅
尹水蓉
水公西
小雯
小鸟游未来
封香寒
小草有梦
就感觉
尤温
尉迟幻香
尉迟觅儿
巴丁
巫盲儿
左思真
左盼烟
淡定丿基友
淳于半兰
巫书瑶
左丘雁梅
左丘钱
淳于赫连
左上角
巴晓瑶
左拓跋
巴夏云
巫马翠霜
巫马秋柳
左解
巫谷粱
深蓝龙崽2
元宵
慕容干
公羊章
公羊禹
慕容伍
慕思枫
慕容之晴
公冶寄文
慕容亦韵
慕容玟蝶
慕容寒珊
公绮玉
慕容水卉
慕容元菱
兮年~竹染
慕容迎南
党冰露
关雪兰
元耀
公西何
慕诗蕾
公良慕灵
公良兰
全雪瑶
全酆
光暗
≫-≪
扶穆
牟吴
牛碧萱
扶冷玉
牟吉
牟新竹
扶元柏
承诺～不变
牟西门
牧司马
@小倩@
azsz
beby
BIg
cindy
dawang
EXO–M
Feisier
ggfcfcg
Group_黎明
happy
iimininiGG
jskskq
KIMI
kiss~萌神
lm127
love张
lyy
pepsi
tgft
TTTFGYDUGD
uuhhdxxn
陌烟
龙宣
隆凌
韦愫
郭孟
魏昌
雪翼
雪梦
陶家
颜昌
阙家
邹惠
霍任
阮翠曼
鲜于禹
龙书桃
黄翠柏
马灵松
魏沛容
龙听双
阙依丝
陈惜梦
郝司空
长孙昌
郁灵珊
郦绮烟
鲁书桃
陈心朋友
阿波罗
风双云
郜寻云
阳不悔
韶从彤
黎含玉
邬四娘
雍梦山
阎初夏
齐千秋
阳千兰
须含雁
阳如音
郎初雪
黎凡雁
阿～飞
韶丹雪
须依霜
颛孙雨莲
鞠傲菡
靳怀蕊
韶涵蕾
黎妙菡
通冬萱
龙之谷
鲁祖
韩向
顾浑
阮笑容
黎寒安
雪染千城
韩晓晓
逄冷雪
鄢海蓝
雪★
雍於
长时间了
黎樊
郭樊
陈璐平
韶夏之
阎天蓝
逄姚
龙秋
邵秦
阚秋双
须封
鲍尔岚
高尉迟
龚左丘
黎慕灵
韦慕容
阙鲍
鹿雪
鞠鄂
逄陆
逄阎
魂魄º/雪
鄢香岚
魏韵伊
韩音瑜
郁雪莲
陆青易
韦雅柔
邵问晴
阳裴
霍诸
齐许
露西
靳贾
马连
阎赵
风连翼
郭若灵
黎若蕊
鲍诸葛
郜萧
陆薰璃
隆蓝
邹谷菱
隗石
郗翁
隗从阳
隗陈
郗褚
骨灰级万家
雨雪纷飞
逑宫
黑幻空
郑向
金兰
金阑香
青柚桔岚
邓依瑶
霓漫天か
邓夜梦
魔晶猎人
魔尊夏紫薰
郤如冰
郤冰颜
郤天蓉
郤尉迟
郤阮
郤闾丘
邰新儿
雷宝
雷王
雷炎灬煞
雷香菱
雷诸葛
魅力女神
醉生丶梦死
闻人沁
闻人念梦
闻人以旋
闻人全
钮百里
钱马
铁王
银月公主
锺童
锺梦槐
锺寒凡
鱼绮烟
酆白曼
虚空
茹刘
苏惠
落曦
语媛
荆庾
辛窦
贺佟
荀湘
莫羽
萌宝
莘从梦
虞幻桃
衡灵凡
苍寻凝
车厘子
荆单于
荆又亦
若凝紫烟
若怜羽茹
诸司徒
贡亦寒
范傲易
贺含海
耿傲玉
萝卜●ω●
辛初兰
赵丽颖1
莫妙菡
贺沛菡
进击萌妹
茹依萱
越羞花
贺白萱
荀紫菱
车妙菱
轩奇艺
莫妖妖
虞南珍
苏晗茉
萌晨
血云神
能卓
莘易云
芮应
荣孔
许柔
芮乔
若冰缘幽
贝安莲
茜施i
赵夜梦
莫小染
莫小夏
萌小言
赏尔容
贺尤
裘韩
费鲍
詹鲍
耿邵
贾长孙
荣静珊
裘雁桃
胥飞兰
荆韵雪
荣飞阳
耿雷
聂问雁
西门凌
西门乐萱
胡锦程
远远
苏莆
謊諺
虞若灵
轩辕灵枫
赫连代芙
轩辕惜蕊
轩辕乐荷
詹行云
赫连令狐
轩辕靖儿
萌萝莉
许芷蕊
聂葵阴
能褚
胥褚
苗宛
茗雪
舒翠霜
茱丽叶
花仙女
花千骨370
英绝魅
花冰香
花冷蝉
花田
英雄霸王
花葬シ泪掩
赤练
萧绮波
萧潇寂宸
萧陌笙
萧静芙
臧荀
臧莫英
誰TM在
芷柔
荷英
茅海雪
薛宛儿
薛司马
薄雪兰
訾沈
訫誶璃茉琉
葛侯
董柳
葛梦秋
葛从雪
葛冰蝶
董全
董诗蕊
蒋
蒲佟
蒋灵
蒋乐珍
蒙双双
蒋曼冬
蒲天蓝
蒙尔岚
蒋尔芙
蒯慕容
蒙邵
蒙访天
蓬李
蓬卢
蓝敏
蓝溪
蓝楹浅汐
蓝亦旋
蓝书兰
蓝樱浅蝶
蓝夜南
蓝鲍
蔚白翠
蔚亦竹
蔚书瑶
蔺依秋
蔺涵雁
蔺向
蔡寒香
蔚应
蔺新柔
蔚袁
观
解盛男
解钮
解解
谭任
谭绿柳
谈丹亦
谢千亦
调皮捣蛋
谯亦玉
谯凌雪
谢紫霜
谭支
谭夜春
谢霍
谭香岚
谭静珊
谢酆
谷梁翠霜
谷梁郑
谷采蓝
路霍
路路通
艾雪琳