9o後人物
劳符
卢庾
你妹
琴紫
戈穆
李朋
洛溪
欣如
华柳
妮儿
笪怡
宋皮
后吕
羊刘
圣君
符曲
琴曹
假想
容余
伊矍
温叶
吕窦
冀仲
张杭
桂映容
涂友灵
宿千凝
暴梦凡
浦司空
毛凡白
东白桃
奚司空
乐正岂愈
奶奶的假牙
梦幻歌海
温曼云
祝凌寒
柴以寒
景书易
石怀柔
司翠彤
上官方
管凌旋
柏涵瑶
管理員
严以山
弘初夏
双初夏
女王大人
€坏小孩
余司马
惠幻露
戴忆雪
岳曼青
白素针
温翠萱
东代荷
竺灵薇
习又蓝
刁妖妖
窦南宫
明南晴
束南霜
广岑
皮向
穆向珊
终笑槐
司徒卜
宿寒荷
叮当
匡晓灵
优库里伍德
宦崔
可爱铭
祝碧灵
宋碧蓉
伊冰真
凌冰薇
孙冰蓝
吕海莲
商吉
仲安梦
吴方
司喻
法方
东方符
东方幻嫣
宇文廖
伪嗳婷留i
好威武
经甄
法支
宋支
微生陆
席江
伏夏
柴夏
法姚
国封
弘尹
曹元
终元枫
昝公西
幸牛
强牟
吴郦
吴邪
武郁
桂齐
权韩
琴邵
晋阎
游香之
单飞珍
暴雪冥
洪雪珍
后雪珊
千里一醉
濮阳朱
容飞凤
柳雁露
柳香露
简飞阳
百里雪一
梦随风飘
洞院莉娜
楚雨旋
相醉蝶
戚闵
奚问柳
勾问萍
东门公冶
东门蔺
宁聂
庄袁
简费
寿裘
乌连
宣苻
伏詹
乜资
子车晓亦
孙若冰
白芍ｉ
楮芸遥
子车起眸
羿诗蕾
王贱贱
琴芷云
庄薛
童觅海
富谢
岳谢
盖灵寒
敖芷荷
北梦
林惜天
南宫雪
林由
林左
杨侯
杨涵双
暨雍
缑卢
岑刘
桑书南
向向雪
缑香露
岑贲
寒
归章
归如凡
归韶
易何
弓冬菱
拓拔傲儿
应占
应紫烟
乔冰姬
爱经
令狐祁
杰哥
仰巫马
宰慕儿
丰董
殷王
冷漠
冷丿离陌
冷甄
殷骆
清泚
包冷梅
包慕容
包骆
梅雷
安儿
仉一兰
有从蕾
冉晓亦
吉外绣
厉姜
安贾
於华
文司空
施南霜
方清
施雨南
时夏山
樊幼枫
程江
周施
璩长孙
甜心-颖
甄令狐
屈孟
米司空
米子车
屠拓跋
汝喻
屠新儿
屠太叔
山温
夏伍
夏沈
夏橙
夏可丽韵
夏凌雪
太叔桐
太叔贾
夏陌
夹谷芷云
夔尔岚
大侠
姚冰颜
姜新瑶
姚天曼
秋雪
尹吴
小刘刘
小楠宝
水易巧
小夜
尧婷婷
左单于
左幼枫
淳于丁
巫千亦
巫司徒
巩梦蕊
巩灵萱
养皮
慕容绫
党寄翠
公羊翠琴
慕容朵欣
慕容紫萱
慕容夏菡
慕子车
党乐蓉
养崔
养屈
关小月
慎雍
全夜蓉
牛寻真
牧符
crystal
Dis.慕离生
kangzelian
lkk
Saber
tiro
郭
韦彭
黎歌
高柯
邢纹
邢冯
高王
黄华
麻何
阮段
麻宫
阮嵇
魏佟
通段
顾从波
靳含灵
魏念柏
靳书双
阴书双
黎司徒
霸王椒
黎依霜
骆惜雪
通东郭
雍冬莲
鲜于袁
长孙迎梦
颛孙芷蝶
阙以蓝
郎宗
郦南莲
那冰菱
颜清月
麻樊
饶程
雍江
须山彤
麹山兰
邴巫
龚元风
阳牟
黎顾
阎郝
霍高
韩青亦
魏襄
鲍苏
阳若烟
邢轩辕
邹芷巧
阮葛
邢谷蓝
金灵
逑乐正
金凡雁
黑暗萝莉
郑尤
金赫
闾丘思松
闻人白薇
闻人鲜于
闽天蓝
锺狄
锺离贲
酆尤
莘沙
荆常
袁常
诸皮
荀初丹
荆听双
辛思枫
胡千柳
荣凡雁
茹中蓝
茹包
耿方
融呼延
苏由
连江
苍牧
胡霍
詹雪兰
范雨南
芮钱
诸荣
轩辕泽
轻舞飞扬
范访蕊
诸赫连
轩辕西门
贺茗茗
诸葛宫
蜜觅、Mimi
血色玫瑰
花温
萧窦
萧浑
臧呼延
茅蔡
薛傲菡
薇薇
董吉
蒙思烟
蒲怜珊
蓟戚
蓝应
蓝瑶
蔺杭
蔺冷卉
蔚赖
解语花
谈叶
谢绿蓉
谢南露
谈江