$古坟岗
&孤狼
李
季
伯毕
岚灵
俞嫣
佟仲
杭张
焦卫
侯柏
李武
半岛
东伍
吕昌
束何
孟管
刘沈
月月
商仇
丁涵
漪烟
缪禹
冀华
灵羽
残泪
白狐
乜段
柯温
宫柏
曹吕
佘柳
伍窦
弘柳
柯洪
纳岚
单绫
桂惠
残梦
楼涛
涂白枫
叶绿柏
柠栀子
厌弃战
佳丽李
温紫烟
伊寻琴
吴嫣然
叶怜晴
崽崽♚
楮梦琪
刘怜晴
炫亿城
游丹琴
督初珍
张半烟
何绮烟
岳怀亦
刁凡白
游凝梦
毋紫翠
寇绿真
刁代曼
丁涵柳
后绮晴
侯白筠
于乐正
刘惜儿
童幻悲
盛以筠
奈亚子
可可乐儿
上官伊然
伊人如熙
上官绮晴
十指的爱恋
↙﹏婚纱╰
•主﹏宰•
最美的情书
沫♣沫璃凌
星梦灵雪
梦幻双鱼
临渊羡鱼
万俟浑
仇依云
宋不悔
一直爱你
彼岸孤独
丌官冰露
惠梦玉
匡梦玉
『简安』
如果有来生
暴东方
纪涵瑶
犀利男神
温如天
☆初夏★
叶紫姚
商千秋
符梦秋
寻景氤
奈亚公主
叶书兰
媚儿`
沃凝雁
紫书雪
戴凌香
伊怜雪
星灵雪
经紫青
毁灭闪电
卿漪酒
匡妙芙
宫初蝶
益梦菡
晏凡蕾
温念芹
何白萱
俞怀薇
侯白薇
缪如蓉
傲世英雄
柳云溪
司徒乐正
柠柒暖
孙卓
柯柔
惟爱
孟粱
武令狐
独孤寒冰
昝凤凰
何碧菡
梦冰
简冰烟
澹台念瑶
童冰姬
卞冰兰
濮冰菱
七海露亚
欣爷闯天下
李德育
千★落茶凉
笛安亚
弃凉第六人
乜斌
利方
东方书竹
东方莞
宋新柔
与时间为敌
紫樱
曦娅〃
月璃
武咎
玻璃海滩
沐璃雪
曹操
微生阎
浮生若梦
伏夏侯
维多利亚
戚夏寒
乜夜梅
潇夏苡安
法姚
卜秋珊
流氓小丨果
宣尤
王尤
柏慕
柳慕容
忆兮思
毛元风
星光
一剑轻安
洪阮
楚阳
农郜
柴鲍
窦陈
白雪
曹阎
千雪灵
禄雪冥
仇飞珍
濮静竹
残飞破月
司马涵菱
简香彤
漆雕吉
东郭水瑶
东郭巫
戴雪兰
乄鬼魅
洛雨樱
桂郑
岳阑悦
吕阑悦
寿青柏
栾雅柔
刁雅香
厍醉香
濮闾丘
吕问梅
东门雁
浪酒
常莹
宁聂
常襄
恋蝶
侯范
石莫
羊舌卫
沐若冰
一茹既往
吸血鬼日记
滕迎蕾
朵莎莎
羊舌诸
卢诸葛
伯诗翠
凌萧川
曾芷巧
富藏花
缪董
沐蔆雅
益解
卫谢
农谢
盛谷粱
盖傲薇
南宫羽
南宫冰珍
罗忆雪
罗怜雪
南宫迎蓉
宗政宇文
南门寄凡
林蕊嫣
暨宋
杨以珊
墨眉
木有兮
杨雪兰
杨雨彤
弑杀
向翠绿
云上官
向以柳
发如果
桑又夏
我心已打烊
云木之眼
我爱源玺
向施
滑秦
岑雪枫
我虐你妹
→殘↔血←
戒网
寒寒i
💎TAO
寒葵
卓梦旋
易曼香
卓怀莲
卓涵菡
桓元珊
梓萌Su
絔灵
应灵萱
崔南宫
爱❀
爱恋……
爱南宫
爱莉娜
令狐雁开
古孤兰
欧糜
欧从梦
欧阳沐
欧阳紫月
欧阳兮魅
欧阳若熙
宰穆
丰卫
仰樱
冰雪奇缘
冰雪碧花
冰黎茶
印许
殷盼晴
殷梓涵
殷雪兰
冷诸
包柏
★晨月★
★粉梦
帅由
清风短
玉灵
廉冯
安眠
有含双
吉冰岚
琉璃月熏
琉璃梦亦
泉水不甜
嘉Mm.
方子矜
於白安
施冰菱
喻裘
文语柔
喻赖
喔黎
时空老人
时语薇
旧衫衬故人
娄问薇
樱
樱紫神女
呼延千秋
呼延翰音
咸仇
璃栀S落殇
和寒香
哒哒噜哒哒
申缪
甘幻嫣
甘嫣娆
唐邱
甄雷
甘芷云
田千雁
田安
米初蝶
汐染季沫
汝屈
籍蔺
山菲鹰
汤尹
汤裴
汤语雪
夏妙竹
夏宛亦
夏一梦夕
夏凌瑶
夏紫薰
夏染曦
天蝎
夹谷丹雪
大勇
大海
姬九娘
秋以蕊
姬野千沫
姜雁蓉
小 小
小糯
小桃
水石
小云朵
小小姐
小小色
尹尔冬
尚慕晴
尹陌安
左丘向南
巴曼易
左丘香薇
巢易真
兩儀望月
慕容幻珊
公孙上官
公孙书蝶
公孙盼芙
慕容孤萍
慕容瑶瑶
公冶璎
元宓
慕呼延
关雅寒
全柯
兰梦花语
充若枫
牟柯
牛左丘
剑圣盖聂
牧乐正
AYAYA
Blear。
I
Jaskson
old
Sunshine
~星☆星~
鬼月
逄刘
风刺
颜如
黄嵇
鞠祁
龙灵
陈珊珊
颜千儿
龙千景
顾怜珊
龙凌月
项凌波
龚幻悲
飞彩琪
项羽凝
长孙梦月
颛孙绝音
魏丹南
通梦寒
黎之寒冬
陌妍筱琦
鄢半梅
隆亚男
邹心山
鲜于鄂
郎从霜
顾初蝶
颛孙诗柳
麻代荷
邬卓
阮碧灵
顾冷卉
顾安珊
静樱
逆天之战
那夜梅
颜天蓝
郝夜蓉
黄尹
陆巧凡
项巧荷
骆元柏
鄂魏
黄骆
鞠雪曼
雪陌之痕
音韵莲
郁邱
陈诸
韩菡晗
黄茑
邵谷蓝
陌路王妃
郗嵇
雨名
金刚ヾ
逑凝旋
黑暗噬光
魑魅·薰
邓家小涵
邰夏侯
雅儿
闽司空
锺离翠萱
锺以蓝
锺慕容
鱼濮阳
辛叶
苍琼
芸儿
莫上
计沈
许常
辛梦柏
芮惜灵
费珊珊
贲听寒
芮涵梅
赏灵安
袁书蕾
赵凝蕊
越紫萱
芮白萱
苍向彤
贡朱
还爱我么
辛冰露
荀冰蝶
苏傅
胥方
袁文怡
落日
若璃
莫小蕊
范小萱
苏魈
许霍
虞鲁
赵郝
血龙
萌雪儿
迁韵冰瞳
辛雨兰
茜雅朵朵
袁雅蕊
萌萌小可
赫连尤
轩辕雪
轩辕许
越芷天
血色记忆
赖宇文
赖黎云
袑妖
花愫
花雪
花若雪
辉夜。冥
辉夜那子
辉姐
薛代柔
訾从菡
葛牛
蒲冷菱
蒂娜
蒋魏
蓟宗
蓝海豚
蓟裘
蓬若魔
谈雪一
谢聂
谷问萍
路笑蓝
艾叶
艾闵