$$$$
&5**&
1234567890
2333=+=
321
6732…
浪
心
张
拯
羿孙
索惠
卞卫
卞惠
禄王
曾权
初恋
圣儿
徐万
紫星
弘祁
吴月
于经
楚祁
狂战
伍仇
厍沙
惠家
涂祝
凌宫
匡狄
干徐
怀曲
章童
思欢
沈余
仲叶
寇干
宦侯
嵇柳
乌瞿
涂昌
房宋
晏石
殳宁
穆柏
益徐
竺凌
彭穆
何侯
濮庞
庄曹
吕紫伊
相碍。
熊国宝
糜凌翠
串正浩
神之后
司寇房
怀以冬
仇盼烟
吾皇♚
李泽熙
紫熙月
奚初曼
禹司空
卢乐松
上官吴
爸爸宝宝
！死神！
？？？？？
溪流灬月下
上官凌云雪
单于紫安
心如止水°
战神子阳
万念寒
法司徒
丌官粱
何凌峰
叫李爷好
成忆梅
柴梦安
浦白卉
祝之卉
伯东方
司东方
曹凝旋
宇宙无敌
冯书瑶
段干江
松盼山
孙梦山
东皇太一
本人已死去
紫悦公主
凌波公子
孟盼兰
只为X﹏X
白司马
乐正郝
紫火龙
余梦露
一星龙
庞百里
冯美雪
严紫霜
人不风流
不知道
神╯魔☆色
女神雅典娜
权梦菲
温白莲
万俟虞
回忆过去
上官访彤
心灵茶语
浦紫萱
松幼萱
王俊辉
为了谁灬
禹廖
吕宗
史罗
戴南宫
司徒一一
段归海
冀归海
从归海
惠卓
司晓灵
昝晓筠
师晓槐
奚拓跋
沈拓跋
怀孔
吴粱
容粱
房粱
火凤凰
柏欧阳
商碧萱
火焰枪神
栾冰菱
宿冷松
司傅
卞傅
桃梅春
仲安
李泉兴
宁方
游喻
东方雪兰
圣斗士
简新瑶
纪樊
洛瑶瑶
童周
吕哥
厍支
富唐
笪支
微生向珊
微生夏旋
微生访云
国由
糯米糕
侯山雁
宫山雁
熊山蝶
乐夏
月夜樱花
盛夏瑶
涂姚
惠秋
温尹
徐小勇
♥小不点♥
后水彤
东水卉
佟巫马
广慕
张慕灵
宣慕容
杜慕梅
神兽连连
纳兰灼言
束牧
《M》
彭鹿
宝马
熊邵
杜龚
华陶
昝陈
懿麟
何魏
法雍
栾齐
杭陈
徐骆
武颜
章鲁
东郭华
寿长孙
盘龙？
满雪晴
漆雕愫
百里依瑶
东郭廖
橘里局外丶
残魇i
漆雕雷
暴风雷霆者
漆雕苻
司马螳螂
猎魔
惠雷
寇问夏
翁酆
索赵
商赵
戚荣
伯诸
司荀
宣荣
杭荀
益贲
勾荣
平苏
吕聂
子车佟
燕迎梦
缪若翠
堕落的天使
不败神话
况老太
湿身者
叶苗
一起床
惠芷卉
王者第一
勇者是女孩
圣者回归
嵇蒋
栾蓝
惠蔡
丘蔡
华蔺
冯褚
洛觞
年觅夏
盖朱
罗禹
南宫小蕾
宗政皮
罗姚
宗采波
林菀
晨星
杨常顺
暨龚
岑卫
缑王
我恋你
我是死神
云宗
云芹
弓翁
当月长空
易笑阳
易印星光
卓周
五灵神王
翔翔
乔长孙
崔雨文
乔郑
朱中蓝
爱有梅有
古柳
古卫
孤神
凤琳
古从波
令狐仲
孤傲太甚郎
令狐踏歌
凤清儿
壤驷占
古轩辕
欧方
欧阳平彤
欧阳顾
杰♚
丰梦松
宰父珊珊
到末世
宰父褚
宰周
宰唐
地达罗
冷乐正
冷冰心
冷方
殷阮
冷雪青
海阔~天空
帅卢
帅哥贾东
包郦
傅高
清风醉
有瞿
冉杭
廉庞
安凝丹
仉乐蓉
有易绿
琉璃丷
仉甄
琉夏
吉雅容
方叶
方家
文冰兰
於慕容
於阳佟
文雅蕊
喻酆
时代
无人可挡。
时唐
程凌珍
娄吉
樊夜安
樱花落
呜呜渣渣
周闾丘
璩高
哀冲冲
哥很牛B
支单
支丁
唐宁
甄梦槐
甄公西
支苏
申费
屠惠
籍一寡
汪碧灵
米安蕾
汲夜蕾
汪鹿
汝韦
山赵
汤傲南
天昊
天空
夏侯昌
夜冥刹
夏侯砯琰
天启丶小默
夜凌云
夏侯冰凡
天下无敌s
夏侯慕容
夏亦雪
夹谷凡桃
夹谷司马
夹谷秋莲
夹谷淳于
夹谷荀
大灰狼
大姨妈
姬妙旋
秦慕
秦鲁
秋西门
姑姑
将
小女子
水凌香
小火龙
小墨
小古vh
尹呼延
水黎
尚钱
水诸
小蝶
气死你
尤王
尤太叔
尤青旋
尉迟欧阳
左干
巩吴
左丘以旋
淳于解
巫马南宫
巫马易巧
巫马雍
巴谷梦
深渊幽幽
慎燕
公孙童
关司空
慕容武
慕容董
元樱
公良伍
公良贾
牛翁
扈曹
扈罗
牧蓉
Air✘困
C6
grammatica
hghfxfg
jack
jhvgg
kiss小妞
love白丶白
o(╯□╰)o
sheng
shs下一战
wannhm
阳宫
郦窦
韩单
靳卫
陌心
龙王
韶楼
陆景
阿布
霍叶
陆余
黄孟
顾石
韶傲丝
都盼曼
鬼泣玄月
鲜于凡灵
颛孙皇甫
颍上刘少
长孙江
郜忆山
郦怜阳
风晴雪
高惜芹
郭仁辉
阎岑
韩寒梦
鲍归海
阎卓
饶傅
邹玉兰
鞠程
鞠夏侯
那夏侯
隆秀
颜秋烟
霸气依然
鲍元菱
那陆
骆鹿
郁鲁
项陈
郁香之
龚鲜于
静音琴姐
霹雳风云
郝雪青
郁雨双
邪鹰
靳雷
颜钱
郎车
阎虞
郁荣
阴赵
邹袁
郁语蕊
靳薛
郗宋
雨浩
骑天大圣
郑雪珊
青蓝小寻
邓潘
魔王
魔影
郤俞
邰白
雷神之怒
雷巧曼
雷蒋
醉酒。
闾丘张
闽高
钮万
钦新柔
钦姚
钦薛
钱孟
锺万
错的人
锺寄凡
锺问晴
鱼薛
酆凝琴
莹
连昕
萌星
舞战
荣卢
车石
莘禹
虞叶
边曹
耿柏柳
轮回。
辛惜珊
西宫玄幽
詹傲南
赏翠安
荆幻香
荆濮阳
辛半蕾
荣伯赏
贡拓跋
芮傅
胡施
许夏青
萌大奶
荆秋
车左
许左丘
苏公冶
胡雪兰
落雨之花
连钱
衡酆
能资
贺费
范贾
轩辕干
轩辕梦灵
轩辕王爷
轩辕咎
赫连公冶
连菲音
轩辕苏
衡若蕊
轩辕赤帝
诸葛
诸葛燕
诸葛曼安
诸葛之瑶
舒冰双
臧雅柔
萧萧风寒
辉哥kang
薄梦易
薄如萱
薛向松
薛晓兰
訾左丘
董祝
蒋张
蒲缘郡
蒋笑卉
蒙鹿
蓟冬亦
蓬听蓉
蔺珍
蔚雪莲
谷俞
谷权
谷梁妖妖
谷梁鄂
谷梁长孙
谷姚
谷连
艾白