*
浪
庾宣
战狼
卍卐
简权
叶心
空沙
乜琳
步玲
紫晴
湛上官
奈何乀
游泽友
翁灵珊
倾城之恋
司寇幻丝
梁丘从筠
仲孙友瑶
灬灬枭y
星空天使@
惠幻姬
灼眼小夏娜
单于韦
年凝雁
司寇荀
紫涵蕾
刁怜菡
年应
楚柔
浦粱
羿凤灵
禹海之
殳包
绝痕月
春哥
美哒哒
沈夏瑶
班秦
嵇秋尽
别尔白
佣兵
星野梦美
司马以寒
王逼逼
伏醉波
刀锋下次
宣莫
滕虞
幸迎夏
乐葵阴
灬葫芦娃灬
单蔺
敖彭
南宫茗茗
杨咩咩
杨阳佟
岑映易
向左丘
檒雨
易谷冬
柔月
爱的木偶
壤驷怀寒
地狱式
卷毛大将王
安然
安以亦
文稚晴
文静
文语兰
无心夜猫
时茈
呼延苻
咩鸡ライブ
哈童
江贲
夜倩
夏柠栀
太叔连
太叔贲
夏雅容
小俢
小明一米八
小甜豆
小公舉
小野寺小咲
尉迟小小
兮柚
公忆丹
关雅容
牛纪
Am-sn
M
TOKO
XX
yo柚
郦段
邹伍
鞠乐枫
齐念桃
鄢初南
长孙郝
颜向雪
高宓
饶宓
郜陆
韩香薇
霍贲
雪花小可爱
風雪夜
雨黑2015
郑幻灵
郑巧荷
闽张
钦听荷
钱阮
锺离宝莹
锺离封
舞
连灵槐
贝沛萍
能包
苍夏侯
茹韩
落雪～空
荆邱
赫连雅旋
诸葛忆秋
舒冰薇
臧雍
薛滕
蓝晓槐
蓝水瑶
蓝色妖姬
谷梁左
艾双星