-.-
/入
1122211
1哦SOS心情
23*74
3690852
4好好上课
7一下
？
初
烈
灵
幸家
章羊
晁翁
卞符
干刘
晏常
劳干
国滕
司管
缪琦
农沈
彭王
孙何
东昌
符瞿
农糜
李翁
庾纪
白嵇
伍任
况翁
幸缪
燕席
侯凌
宫紫
毕缪
余杭
羊张
景玲
史缪
符翟
寇孟
严柏
烟儿
佟任
晁潘
丁燕
柯伍
禄白
席缪
松白
熊卢
戈伍
昝庾
季末
宣宁
庄祁
束干
王弋
绯澜
武祝
权卫
卜丁
刁纪
残留
佟干
，？
怀余
佘符
涂叶
宁翟
祁杭
凌沈
房孟
农武
毋昌
宫曲
毕琦
九儿
利史
祁俞
卜严
常任
卞昌
商武
沙卜
季常
武符
伍缪
惠刘
武卜
羽羲
红杭
戚沁
劳章
别嵇
沈冯
俞曲
商纪
；？
湛祝
杭瞿
华孙
仲瞿
念念
仇童
终石
权管
张嵇
湛吴
弘楼
殳彭
束景
从宁
琴弦
毕史
督缪
潘冯
益燕
别曲
楚卫
涂堪
丁占
石书
东白
伊李
柴柯
濮伍
翟惠
步纪
伊缪
盛席
浟幽
晋戚
晏宋
常惠
宿俞
绝恋
俞任
琴宛
暴宣
翟柏
于石
农柳
戴窦
戎章
穆任
伯景
富叶
明缪
戎杭
单孟
晋席
徐温
桂宁
沃庞
游孙
庾窦
竺纪
戴灵
堵严
华吴
仇家
查占
精卫
不如
弘管
栾沈
羿宫
吴经
佳伟
仲羊
武何
后缪
笪白
勾绫
广博
幻羽
给力
勾堪
宁伍
毕祝
商孙
妄梣
卫卜
纪符
乌佟
张磊
严史
侯单
石伍
涂王
仲柏
嘎嘎
狄堪
满叶
凌嵇
华张
猥琐
席权
念洲
紫涵
乜宛
翁石
华席
余王
狄吴
皮丁
倪俞
栾卫
暴皮
殳童
年万
广书竹
残月℡
羿映梦
景友灵
束友桃
司寇万
徐宇乐
常司空
晁依白
庾怜珊
炎神圣
乐代珊
戈怀亦
乐正家
刘佳博
晁书竹
段上官
濮司空
亢书竹
厍单于
死亡神
年幼珊
丌官宋
司空嵇
竺初之
上官仲
戈一曲
焦上官
游凌珍
仇乐正
刘思睿
终宛丝
束乐正
利梦松
彭希睿
督梦凡
恺心果
惠上官
勾亦绿
司空任
富梦桃
习曼岚
丌官堪
劳幼枫
成傲珊
符惜筠
松半梦
相幻珊
吃吃吃
宿凝竹
广白翠
叶不乐
简涵柳
武书双
潘凌晴
司映冬
万上官
皮卡丘
别之双
冀含双
戴梦岚
栾幼丝
毛忆之
？！？
万俟羊
农乐正
杭灵波
司寇家
家寻桃
羿乐双
平亦绿
俞怀绿
查书桃
坏孩子25
乐正司空
快乐童年
死亡女神
神源紫晶
千幻灵瞳
梁丘凝冬
一梦千年
千灬千寻
上官司空
丌官单于
千刀ㄆ杀神
段干亦寒
上官空情
段干宇文
丌官念瑶
君临灬天下
司寇听露
一人独霸
万俟伯赏
梁丘怜蕾
乐正伯赏
丌官伯赏
红果果膏药
千幻星辰
流明星辉
禁忌の蔷薇
叶如南
年紫南
容初南
段干宗
晋傲南
司空宗
缪傲南
符曼云
东丹云
戴梦寒
乐司徒
乌司徒
皮梦寒
寇梦寒
禄司徒
商司徒
啊是拒绝了
东友易
万俟宓
司寇宓
符映易
从依柔
杜依柔
余之柔
戚代柔
商不弱
司空朱
刘从彤
可乐冰
晋如冰
季惜海
段干海冬
琴幻梅
双梦玉
沈映安
栾白卉
司寇安露
司寇於
嵇念文
糜东方
洪宇文
快乐时光
商嫣娆
窦乐瑶
紫玫瑰
么么哒的笑
厍皇甫
寇皇甫
沐枍汐
祝思天
怀初夏
双凝天
段干夜香
商梦秋
经梦秋
于千秋
穆梦槐
曹丹秋
堵依秋
神叫科比
上官巫
站神·盖亚
美熙児
昌可兰
残恋_
刁幻露
习灵阳
缪凡雁
湛千风
司寇骆
丘初露
法百里
丘翠霜
段濮阳
曾祥龙
刁东郭
晁濮阳
乐媚颜
空如音
万俟鹿
君御颜
糜书雁
曾凡阳
弘初雪
司司马
昌百里
柏含雁
戈百里
泪傲霜
祁紫霜
万百里
柳司马
后从霜
仲孙颜
东司马
冯凌雪
段干雨灵
侯千青
简紫青
不知道
司空雅霜
朴智闵
乐傲菡
童宝莹
吕凝莲
仇宫苴
殳子车
双凝蝶
习平蝶
万俟聂
琴惜萍
糜凝蕊
司寇连
纪伯赏
美如蝶
仲伯赏
琴友蕊
叶含蕾
乐子车
庞凝芙
司寇语儿
仲孙若烟
女王范er、
凌又菱
昝灵萱
武妙菱
凌冬菱
任白萱
幸寻菱
单于芷蕊
最强者
刘白薇
禄灵薇
梁丘董
孙浙蒙
年沛蓝
仲孙蓝
双沛蓝
常绿蓉
丌官蔡
上官蔺
段干褚
佐某良晓
白湖
华祖
纪祖
满妖丽
べ玖κ槑↗
潘罗
管宗
益宗
晏宗
冯罗
倪南宫
李南宫
端木景
梁梨愁
端木宋
端木不悔
端木乔
端木新波
楠票i
端木诸
成岑
管向
涂岑
琴浑
史向真
短发女生
浦向卉
常向露
法向薇
房寒珊
年寒烟
司徒宛儿
司徒笑晴
司徒晓曼
双归海
管寒梅
劳寒安
司徒支
司徒夜安
司徒醉柳
况宓
宿卓
怀宓
班卓
常易绿
班晓瑶
盛拓跋
奚乔
经孔
严乔
羊孔
别乔
年崔
余崔
杀比战神
晋粱
仲粱
宁令狐
冯孤丝
沙孤云
勾孤云
俊护肤
殳碧灵
沈欧阳
寇欧阳
刀峰
信仰之名
澹台晓筠
澹台呼延
索冰巧
一地鸡毛
庞冰蝶
琴婷冉
王冷霜
段冷霜
琴海菡
瞿冷荷
糜傅
房包
法廉
余吉
宋安
班吉
卜安
柴吉
符安珊
游安波
索安柏
羊安白
丿沉灬飞雪
万安彤
石玉兰
勾安青
利方
翁方
冀於
东於
凯文
缪方
季施
法喻
滕於
宇文何
宇文家
仲善愁
东方冰枫
东方默
东方雯
东方邓
宇文裴
东方贲
奋斗少年
祝新筠
凌新柔
丘新梅
怀无心
相无心
柳无颜
及时解决
纪樊
松程
别樱
寿呼延
宦周
晁周
强咎
来咯😄
寿唐
白唐
相唐
晋唐
微生白
皇甫翁
皇甫李
皇甫潘
皇甫映之
微生初露
皇甫静
皇甫诸
微生芷文
微生觅翠
皇甫谷粱
季由
召唤兽
伊田
督田
异类
华汪
俞屈
符江
毕江
幸汪
督汪
劳屈
松屈
月江寒夜
任山雁
单山蝶
沙山芙
栾汤
红夏
叶夏
卞夏
宫夜绿
战天下
琴天亦
张夏之
倪夏侯
吕夏之
今夕何夕
梦太美sky
灭天使者
利太叔
栾太叔
犬夜叉
堵夏旋
弘夏瑶
楮夏兰
千夜雪
寿夜雪
广夜雪
宣夜香
曾天薇
戎秋
容秋
徐姚
梁秋凌
幸秋双
童秋凌
益秋柔
乜姒
她姓徐
徐封
游尹
房尹
猫小含
羊水绿
奇尺大乳
熊小霜
♥小舞
翁小萱
王小辉
磊少爺
年少轻狂
简尔容
干尔琴
狄尔安
徐尤
乌尉迟
李尉迟
堵左
晁左
翟淳于
倪淳于
厍巫马
李元
祁元
束慕
来兮
乌元
怀慕
楚元
商元
徐公冶
凌元容
于慕容
羊慕容
伍慕容
孙元冬
竺慕容
相慕儿
容慕萧晨
窦全
查全
后全
仇兰
幸牛
卜牟
孙牟
昌牛
后牛
柴牧
琴牧
心ting
商邢
翁邵
杜郁
伯阮
刘镜
严霍
楚齐
红魏
弘韶
戴韦
李鲍
宦陶
沃齐
弘郦
晋陈
于邹
厍鲁
商阎
单顾
翟陆
叶郝
匡阎
利郦
法邵
刘高
年郜
段韦
家陆
于阮
温郝
窦雍
亦飞
仲邹
平陶
彼露
于鄂
伯韩
余郦
禄韶
禹邵
涵香
常陶
穆魏
东阮
卢鄂
瞿顾
司邵
溯郝
简邬
寿鲁
王郦
简齐
沈郦
空项
俞骆
凌霍
庾高
段郁
毕鹿
伯郁
吴陈
柯邢
漆雕经
勾鲜于
百里何
农雁开
濮阳王
傲雪❄
司马张
司马柳
漆雕糜
卞雪珊
石鲜于
湛阳佟
符长孙
司马吴
怀采波
漆雕曹
百里白
房鲜于
神龙战士
漆雕灵枫
百里乐珍
司马乐正
司马傲天
宁静的夜晚
百里乐蕊
乌香寒
司马毒娘
漆雕崔
师飞凤
漆雕包
佟雁卉
红颜断命i
平静水
武雪巧
东郭慕容
万飞兰
戈雁兰
百里牛
东郭韩
濮阳鲁
寿雁露
百里靖柏
炎黄部队
戚雪青
濮阳赵
东郭芙蓉
戴采萱
孙雁荷
乐颖
何颖
景雨真
习雨灵
经郑
羊郑
楚郑
厍郑
伊金连
空青旋
成青雪
柴邓
惠雷
伊雷
俞雷
布雷泽S
素雅
戎雅绿
乜雅琴
宣雅寒
成雅彤
宋雅香
窦醉香
怀醉蓝
习闵
乜闵
滕闵
景闾丘
容问儿
从闾丘
瞿问寒
东门寻琴
东门如凡
东门邢
张鑫鹏
容钮
索钮
符钱
翼锋巅崖
勾酆
相诸
毕范
禹苏
卜莫
勾贺
班贲
伏苏
宋苻
松许
心计
禹虞
步苏
濮莹
伍资
晏苏
毛裴
常苏
王苻
孙荀
劳资
幽若
毋赵
穆诸
凌轩
明萃
岳荣
羽蝶
燕资
利苻
符贺
庾荀
幸资
班萍
涂荣
严苏
童贾
杜莞
晏裘
史裴
王荀
李聂
丘车
利诸
李袁
查资
刘詹
梦蝶翎
笪茹嫣
暴苞络
羊舌石
并肩王
子车惋庭
白虎糖
橙语忧
匡若冰
羊舌周
子车支
皮若男
羊舌秦
常胜将军
万若雁
紫萌雪
燕若雁
余菲音
凌西门
徐西门
满赫连
师访蕊
潘赫连
季语芹
子车访梦
晋血茗
昝诸葛
广诸葛
师诸葛
幸赖
益苗
戴诗筠
房诗筠
暴诗珊
杜诗槐
拾荒者
紫菱
勾英姑
伊辰恋雪
广芷文
卜芷蕾
柴芷蕾
佘薛
窦薛
杜薛
井薛
纪薛
涂藏今
叶言
羊葛
禄董
怀葛
仲葛
严葛
厍董
笪蒋
穆蒋
井蒋
惠蒋
柳蔡
羊褚
杭褚
凌解
怀解
涂解
不觉
上调
楮谷梦
桂谷梦
庞谷南
卢谷云
糜谷云
盖穆
廖忆曼
敖家怡
敖上官
暖七丶
廖书文
吖熙姐
敖惜雪
廖丹蝶
敖凌萱
祖彤
廖婧宇
他姓徐
糖就乐
敖左丘
敖魏
敖雪枫
敖詹
敖裴
或者
林经
林昌
林不乐
南宫杭
南宫涵双
南宫之云
南宫从霜
南宫初阳
南宫幻香
罗依云
南宫云
罗含海
南宫甄
南宫血
南宫虞
南宫苏
林涵蕾
罗妙菱
宗冷霜
宗政邢
林尔柳
罗阎
林龚
南门庾
南门司马
南门姜
南门牟
南门蔡
宗荣
罗芷天
储仲
晨曦
储侯
杨昌
墨紫
墨ヽ烛秋
杨幻天
墨书蕾
储宗
墨宗
木木兮
晨晓
杨晓倩
懨爅蔠纞
储甄
储江
墨秋
晨尘『』
墨兰
墨零幽
杨雁卉
储飞雪
墨萌
墨贺
暨语蝶
岑翟
桑石
桑徐
桑庞
桑潘
桑仇
岑洪
滑占
我去
缑伍
滑任
滑戚
滑家
我看你
岑沛珊
岑依丝
岑涵柳
向东方
云傻姑
我叫MT
缑依霜
岑妙芹
向妙菡
桑向薇
滑归海
缑拓跋
我爱你
滑碧琴
云咎
向尹
我就，，们
缑左丘
桑公西
岑邵
云骆
云郑
缑问柳
滑莫
缑车
岑芙
缑觅风
归祝
寒竹
寒晶莎
寒霜
归采萱
易叶
宓禹
弓家
易窦
卓堪
宓伍
卓以莲
弓妙菱
宓浑
易寒天
拓拔宋
拓拔冬灵
拓拔百里
拓拔浑
拓拔朱
卓傅
易拉罐
宓安梦
卓支
易问柳
易轩辕
宓赫连
孔李
孔房
比干
乔管
昔缘
崔乐正
乔四娘
崔凌瑶
乔罗
崔南烟
孔笑晴
应吉
应汪
孔山彤
孔天薇
乔秋莲
崔尉迟
崔雁开
应雁凡
孔袁
应荣
应苗
爱丹翠
爱东郭
朱丹蝶
爱凝莲
朱岑
危冷梅
朱傅
朱廉
爱支
朱阮
筱静
危黎
爱邬
危高
危静芙
朱诸
危若颜
危苑睐
古温
古严
古俞
古沙
凤潘
古冯
令狐刘
令狐石
古灵儿
令狐念珍
令狐子瑶
令狐涵阳
令狐南晴
令狐寒荷
令狐冰萍
令狐高
令狐荠
凤听蓉
伤伤伤
凤太英
古阳佟
纤雪夜陌
壤驷谷粱
欧以松
欧雍
欧阳容
欧阳乐蕊
欧阳夏云
欧阳陆
欧阳鲍
欧萧
丰伍
丰经
冰帝
宰糜
丰燕
地抹去
宰父万
数你最红
冰棍刚刚v
宰父幻巧
宰父应
冰之沧月
宰父方
冰心韵儿
丰易蓉
冰柔儿
印支
仰支
印秋翠
丰牛
仰香薇
丰靖柔
丰问儿
宰钮
仰诗兰
冷冯
冷千凝
殷如南
殷惜寒
冷笑卉
殷孤云
海海莲
冷清落
海秋
冷秋珊
海尔风
康左
冷龚
康鄂
冷飞烟
殷苏
海詹
冷虞
帅景
包宣
梅纪
帅庞
清晴
帅凝竹
情缘梦初醒
帅紫夏
帅凌香
傅向
傅寒蕾
帅碧玉
清清
梅包
包甄
包由
包尹
梅左丘
梅兰星霄
包韩
帅鄂
包阎
帅问蕊
包赖
帅芷珍
帅谢
有窦
厉柳
安经
仉惠
仉仲
仉柯
冉符
安以松
有乐正
廉如松
厉幻波
仉怜寒
仉丹彤
有缘无分
安幻姬
吉一兰
仉又莲
有凡蕾
安冥茗
仉宗
有冰萍
冉唐
吉全
仉马
有高
廉陈
有饭吃
厉雪莲
安萝
廉语兰
厉谢
安谷秋
斜宛
喻庾
於仲
文任
喻沛槐
施紫雪
施从蕾
施又莲
方杨
方向梦
施笑萍
喻施
於新晴
喻咎
方阎
斜陶
疾风烈
疯魔
斜赵
施芳
方莫
施舞仙
斜迎梅
斗龙战士
时孙
时空猎人
痴狂花园
时尚少女
时兰
时韦
嗜血龙卫
程严
程侯
娄禹
程素
娄妙芙
程罗
樊浑
樊冰蓝
樊樊
呼延孟
呼延皇甫
呼延问丝
呵~
周昌
周宣
周慕容
周雁
璩戚
和于
璩乐正
璩单于
璩初雪
和书蝶
璩寒梅
璩元
咸邢
和静芙
和薛
咖喱君
撒
哈翠绿
哈又夏
哎！yo
哈廖
哇哇哇
哈陆
甜心
唐严
甘佟
支宫
支翟
甘庞
申宫
申干
支宛凝
唯美的谎言
唐代玉
唐怜菡
甄朱
申凤妖
申屈
申屠怀薇
支阎
唐雅琴
支裴
申苏
支语海
甘赖
支葛
田海露
田慕
田鲁
汲史
籍权
米章
汐羽
屈潘
籍家
池缪
屈毕
籍毕
池狄
屠翁
汪卜
江皮
类似的
池怀绿
汝忆灵
江曼柔
江寄柔
屠曼文
池司马
汪曼香
江湖狂生
米新梅
江无色
江由
江封
汝巫马
汪郦
汪陆
汲静丹
籍长孙
汲芸
池迎曼
汝诗霜
汲芷文
山司空
山依萱
山岑
山安珊
山姝
山雪巧
山蒋
汤沙
汤白
汤江
汤鲁
汤采珊
居天菱
居黎
居陆
天神
夏翟
夏敏
夏单
天帝
天翼
夏孙
夜曦凌
夏沛珊
夏侯仇
夏紫熙
天空之城
太空王者
夏侯杨
夏嫣娆
夏东郭
夏沛菡
夏侯萍
天我是
太叔沈
天气元灰
夏尉迟
夏牛
夏露
天露
夏鲜于
夜舞蔑
夹谷欧阳
夹谷小蕾
夹谷邓
夔半凡
夔欧阳
夔由
夔封
失了心
大王
大使
大婷子
姐
姜滕
秋史
姬侯
姬仇
秦凌
秦从波
姜曼凝
秦忆寒
姬凌寒
秋之雪蝶
秋月雨姬
姜半蕾
姬新儿
姚无痕
秋樊
秋夏侯
秦长孙
秋雨
姬郑
秋雷
姜酆
姚谢
姜谷粱
尚滕
小亮
封城
封万
尹张
封侯
尚糜
尚卫
小惠
尹绫
封华
尚如松
水之桃
水怜珊
小布丁
小白丶
小宇哥
尚映秋
尼玛B
封媚颜
小心露
水宗
尹岑
小凱
永爱EXO
尹欧阳
小安
小时候的我
小瑶
尊姓大名
小小陈陈
小公主
封齐
水香
尚阳佟
尼采美丽
封采蓝
尚雨落
尚诸
尹苏
水萌萌
小萝莉
封赖
水菱沐
少年郎
尤寒云
尤陈
尤雅香
尉迟滕
尉迟寒凝
尉迟冰颜
尉迟雁玉
巴柏
巢于
左童
左丘柳
淳于皮
左曼文
淳于秀
左丘尤
淳于淳于
左丘全
淳于蔺
左向
巩冷雁
巩夏
左尉迟
巩黎
巴黎的明天
巫马阮
巫雪青
巫马邓
左贾
党史
元段
养燕
关愫
关万
公司空
公冶叶
公羊禹
公孙佟
公孙亦凝
慕容半兰
公孙千青
慕容听蓉
公冶罗
公羊拓跋
慕容清涟
八神嘉儿
公冶夜梦
公羊淳于
公冶郝
公羊阮
公冶韩
公寻雪
慕容邬
养盼雁
慕濮阳
慕容陌月
公羊雪一
公冶雷
公孙访烟
元映萱
慕寒烟
党晓亦
养令狐
关孤兰
慎冰兰
慕樱
党夜绿
慕牧
慕雨柏
养诸
关裘
公西书蝶
公西幻莲
公西天蓝
公西闵
慎西门
慕芷璃
慕芷雪
公良亦丝
公良幻然
公良东郭
公良罗
公良车
全傲柔
全梦玉
兔小乖
兰花指
充崔
充冰蓝
充韩
充采珊
牟严
扶沙
手残♛皓
特战精英
扶凌萱
扶向
牛冷雪
扶呼延
扶夏
扈全
扈骆
牛聂
扶连
牛蒋
牧伍
牧含之
牧凡霜
牧尔冬
牧公冶
AngeLaBaby
Baby
bdhhbcnc
Cbh吖饼
DarK
ddajj
fujhfgh
Gdghhf
joerica
jyd.comp6@
LLLFW
Loser丶✔
love楠楠
love峰
love帅帅
LZY老大
maggie
MC灬情种
me
NPC
o最腻害
QWERTY
Stereo
tl四爷
Xiaobao
~柠檬少女~
^O^
邢武
韩丁
邬卜
鞠李
龍爺
饶家
龙忻
陶昌
饶佟
鄂纪
龚禹
陈嵇
郜仇
阿紫
隆单
鄂曹
隆翟
高祁
邹杭
陶武
那叶
韦章
阳嵇
魏潘
韶堪
邹柯
阳庾
逄任
颜祝
齐白
韩庞
齐常
郎盈
鲁李
阴白
黄万
龚昊
韩冯
霍祝
骆昌
鲍权
陆羊
龚景
阮吕
龙吴
马禹
阳符
鲁戚
靳楼
饶沂
郎符
郁宛筠
鲁幻桃
顾不乐
项幻柏
隆妙晴
齐家俊
逄曼容
黄紫嫣
靳如冬
顾惜子
长孙惠
阴念之
通惜灵
龙灬火
鄂含桃
陶司空
须司空
阮代双
郁珊珊
陌心刹
龙涟妖
邬司徒
颛孙欧阳
韩昌杰。
阎白卉
邢宇文
齐东方
阙宇文
颛孙新筠
阎凌瑶
郁皇甫
阮皇甫
麻又夏
齐依秋
鲜于秋
郁紫槐
黄子淳
鲜于元瑶
鲜于牛
阴凌雪
郏灵雁
阴濮阳
饶初露
鄢司马
黄子韬女票
郜傲芙
阿凡达
郜紫萍
长孙语柔
阚紫萱
鄢依萱
龙平萱
马幼荷
颛孙芷
陆沛蓝
郝宗
郭杨
邴向
那我家吗
霍笑南
麻笑蓝
邹寒香
郏宓
韩卓
韶晓凡
阎应
邹应
马粱
邵欧阳
鞠欧阳
风冰月
黎冰枫
阮冰巧
鳳凰V
雪爷
高海拔
霍冷梅
郭海露
韩冷雪
鲁冷菱
鲁吉
韩廉
黄泉
顾凉笙
马玉莹
黎文
鄢新瑶
龙程
郝程
郝支
阮唯雪
饶由
项田
隆汪
雍汪
鄢汪
韦江
风汐瑾
通山兰
通夏侯
龚夏之
鲍大凄
项姜
高秦
霍姚
逄姜
鞠姚
龙姜
郭小凝
韶水蓉
项尔容
郦尤
魂淡
黄淳于
鄢慕
鄢元冬
韩慕儿
鄢全
那JJ了
阚陆
邴邵
阚郝
韦项
马顾
逄郝
须陆
邵雍
逄郜
飞飞
靳阮
雍长孙
陶雪珊
郎静竹
黎黎卡
邢高丽
靳采波
阮雁丝
都鲜于
阮阳佟
龙黎云
邴飞雪
魏香芦
阳飞莲
邢颖
雪馨怡笛
邴青旋
鞠邓
郁雷
龚闵
阎问凝
陆银枝
高酆
阳苡
鞠诸
项袁
韦贲
雪落
邢贲
雪莹
黄虞
霍荣
都范
郭车
阮赵
隆范
郝费
阴费
陈贾123
霍语柳
骆若云
逄若云
阿西吧♞
阳若樱
邵西门
麻赫连
麻轩辕
陈赫连
雪菲菲
项语芹
邵苑睐
邴萧
顾芷珊
马薛
雪言
邬葛
陶蔺
鄢谢
通谷丝
马谷秋
隗平彤
郗凌文
隗幼蓉
隗唐
隗山柏
隗巫马
隗元瑶
郗鲍
郗苗
馨媛
雨李易峰
雨夜
雨夜Q寒
郑宫
逑仲
逑楼
逑庾
郑常
金梦岚
逑千儿
金敏珠
郑依风
逑拓跋
郑唐
逑汤
郑公西
逑郜
逑诸
金色冰雪
邓吕
邓宫
邓卜
邓梦媛
邓封
邓静白
邓超
郤宋
郤从寒
郤崔
郤夏瑶
郤邢
郤霍
郤问寒
邰樊
邰夏
雷家
雷余
雷昌
雷灵阳
雷浑
雷傅
雷小翠
雷马
雅雪
魅馨
醉月
骉子
闽孟
闻糜
闻人万
闻幻竹
闻人昌
闻白凝
闾丘翠安
闻人千兰
闻人子车
闻人海露
闾丘邓
闻姜
闽雁山
闽贺
闽诗霜
钦华
钦傲白
钦单于
钦秋
钦龚
钦迎曼
钦蒋
钮谷粱
钱仇
钱百里
钱南烟
钱牛
钱轩辕
钱解
钱谷丝
铭香
锺离干
锺离何
锺忆之
锺离管
锺离听蓉
锺听寒
锺离韩
锺陶
鱼童
鱼尤
鱼牛
鱼鄂
鱼钮
鱼萧
酆翁
酆樊
酆龚
荀皮
贲惠
辛羊
边仲
诺白
莘吕
衡卫
荆狄
莫滕
苏丶
袁伟
费柯
苍毕
费卢
胥武
芮戚
许狄
越章
边卜
裘沈
贝灵
莲儿
荀宁
荆张
衡柏
胥房
连禹
荣严
胥管
辛沙
许段
贝宛
詹燕
贲亦竹
苍梦松
车听筠
胥乐正
莘单于
聂司空
车傲柏
裘千愁
莘惜珊
胥紫烟
虞友桃
贲乐正
荆梦桃
许司空
裘幻儿
诸司空
血之女王
詹映寒
苏奈浅
许寻梅
聂依玉
范思卉
芮绮玉
计之卉
落月稀
贝嫣娆
裴傻姑
追忆y
荆幻雪
连百里
诸曼香
能从阳
衡百里
茹司马
赏司马
贾傲霜
费来财
耿幼萱
苍涵菱
聂妙菱
越紫萱
越傲薇
融沛蓝
连廖
贲祖
胡杨
詹笑容
赵向彤
车卓
诸卓
胡晓帅
越易槐
范崔
裴孔
轻柔♥可爱
辛朱
荀碧萱
裘冰海
许冰露
越冰蝶
赵冰薇
辛海云
胡包
贺傅
贲吉
衡安梦
贲安容
能喻
荣於
能於
詹樊
裴程
胡呼延
袁支
莘唐
裴唯雪
自由的小鸟
裴江
詹山柏
詹山晴
裴夏
荆夏侯
辛夜安
苏夜蕾
芮天荷
赏姚
边秋
贾姚
胡积建
莫小白
诸尤
虞巫
茹左丘
费巫马
许慕
荀慕
裘元
莫慕
贝克汉姆
车元槐
萌兜兜、
赵牟
诸陈
贲骆
胥雍
融郜
贲龚
车霍
连齐
辛韶
詹黎
计郁
莘郝
计静曼
贝露丹蒂
贲雪青
蝶颖
莘雨安
贾青旋
贾雷
西门曹
西门听安
西门封
耀耀
聂范
苍许
贺贺
赵芝
萍萍
许赵
聂莫
贡连
贾荣
车詹
苍苡
车裘
许莹
莳诺
贝贺
轩辕华
胡舞仙
赫连柳
荀语柳
赫连温
赫连窦
轩辕凌珍
轩辕惜珊
轩辕冬萱
萌萌百草
轩辕廖
赫连岑
许若冰
荆迎梅
赫连黎
莫菲音
轩辕鲜于
荆若魔
许西门
赏轩辕
胡赫连
赫连赵
能诸葛
连芷波
胥薛
莘葛
诸葛佟
诸葛狄
诸葛书白
诸葛伯赏
诸葛欧阳
诸葛无颜
诸葛闾丘
诸葛赫
聂蒋
能蔡
胥觅双
车谢
赖代秋
赖清炎
赖香之
苗晓筠
苗元槐
苗裘
茗茜儿
舒叶
舒从凝
舒唐
舒诗蕊
舒辰岚
花宁
花娘娘
花公冶
花雨
花语芹
赤影琪
臧吕
萧温
萧代梅
臧南露
萧左
臧雨灵
萧赫连
迷茫的人
茅顾
茅韩
薛初曼
薄凝安
薛向
薄粱
薄公冶
薛问梅
薄谷粱
訾颜
訾资
葛童
葛笑卉
葛包
葛牛
葵花子✨
董良清
蒲卜
蒲柯
蒙权
蒯含桃
蒋伯赏
蒯乔
蒙秋
蒙少主
蒋巫
蒲慕
蒲公英
蒲全
蒋霍
蒋钱
蒲连
蒙荀
蒋菲音
蒯芷
蒲谷粱
蒲艳血
蓟管
蓝决
蓬柯
蓝心
蓬卜
蓶羙♡郡主
蓬傲旋
蓟梦山
蓝冬莲
蓬子车
蓬夏烟
蓝秋
蓟巫
蓟阎
蓬许
蓝色妖姬
蔡吴
蔚叶
蔡庞
蔺段
蔡彭
蔡景
蔡映之
蔡平卉
蔚廉
蔚江
蔚天菱
蔡水瑶
蔚鲍
蔡龚
蔚问玉
蔡赵
蔚资
蔚褚
豆豆:
解杨
解令狐
谯白
谭俞
谯任
谭石
谭绿凝
谢寻绿
谯司徒
谢绝音
谭雨筠
谯闾丘
谢芷天
谢谷粱
谷梁柳
谷忆寒
谷梁项
谷薛
跪下喊狼哥
路吉
路秦
路靖柔
艾卡
艹死你
艾卓
艾周
艹TM尼玛
艾香岚
艾莎
사랑해