15
6677
9o後人物
李于
如梦
戈于
傀儡
宫宋
今宵
何翁
熊佟
井穆
农席
琴紫
沙常
武家
容亦
妮儿
火笋
乐杭
张杭
楚穆
景宁
修冥
伊洙
眼罩
沙刘
琴曹
商吴
桂管
督干
竹儿
管符
宫柏
欣如
吕窦
楮宫
王白柏
强幻灵
乜司空
盛乐正
万俟万
佘含烟
沁园春
暴梦凡
倪凝竹
毛凡白
乐正岂愈
梦幻之星
亲昵于心
忽东忽西
吴彦祖丶
佟书南
柳听云
丌官向
宫司徒
游千柔
殳寄柔
忆凝筱曦
司寇方
上官方
神之模式
松涵瑶
管理員
吴皇甫
弘初夏
乜紫夏
女王大人
刘明秋
叶子公主
仲孙牛
焦百里
明百里
晏子车
柏凝蝶
广沛萍
刘映菡
国曼荷
别曼荷
柳媪薇
栾怀薇
为他i😘
端木白
司徒丁
仲弱
暴令狐
祝碧灵
炽焰
佘冰双
佟冰凡
束冰蓝
后冷松
红包
商吉
平廉
仲安梦
宇文廖
仇樱
九樱歌
梁唐
君唯
窦支
皇甫糜
微生凡儿
微生陆
后由
吴汪
倪江
乜天晴
寿夏蓉
孟秋
于秋翠
宫尤
师尉迟
乌巫
容慕
李慕
终元枫
星光
刁韶
何邹
武郁
皮鄂
潘郁
徐陈
叶郝
佟雁枫
步长孙
忆香之
游香之
后雪珊
后静枫
穆阳佟
温鲜于
战龙凯撒
百里优菱
百里冰露
李雪兰
柳香露
索飞莲
童雪莲
琴青亦
刁雅
竺雅琴
美雅公主
东门沈
东门蔺
吕荀
华詹
晏荣
洪若灵
宫若烟
景行云
华若冰
羊舌青烟
伏西门
糜西门
盛轩辕
白语蝶
暮菸苒
杜诸葛
成赖
丘赖
明苗
倪诗翠
皇胤
沈芷蕊
戎薛
宋董
庄解
浦谷粱
武艳血
廖宝莹
廖周
宗纪
南宫燕
林由
南山南💋
林左
罗贲
杨幂
杨亦旋
墨书雪
储孤菱
杨钰莹
我
云仇
缑卢
缑吕
滑凌波
云汐
凑巧丶
寒歆
归绮露
归尹
归韶
晓月
桓幻悲
拓拔上官
桓公西
弓项
乔唐
乔水香
孔龚
爱寄瑶
令狐家
古凡柔
凤呼延
古元容
壤驷衫
古资
欧蔺
杰儿
宰父向
杰哥
海太叔
冷邱
冷菀
海诗翠
包太清
情话。
厉凤妖
有天菱
於绮晴
喵喵
斜姝
斜诸
无果
时经
无眠
时乐正
◆◇゛俊泽
时陆
程涵瑶
呼延忆霜
周施
咸曼彤
咸安
申岑
甄晓灵
甘欧阳
支甄
申屠吴
唐裘
支褚
池翠
汲丹蝶
汝尤
山雍
汤代容
居彭
居迎海
夏博
夏侯糜
夜月卿
太叔皮
太叔马
夏包
夏雨
夹谷凡阳
大帅哥
秋
秋柳
秋庾
秋听南
秋瑾
姜唐
姜雪珍
秦语儿
姨妈红
尹丁
小熊c2
水水
小老虎丶
尤蒋
尉迟解
巫景
淳于紫安
左丘太叔
左晓山
关戚
慕万
公孙丁
慕容朵欣
公冶单于
慕容千秋
公冶安南
慕容玉娆
慕子车
党宓
慕元蝶
慎雍
慕马
兔兔菡
充惜萍
扶戚
牛邹
Cimy
DTF、零绪
jdhdh
OyHm
Tickture
v
why
^_^安心。
隆卫
邢纹
鲍余
邴曲
魏佟
项纪
骆丁
麹宣
麹柳
龚宁
郭柏
黄俞
阙缪
阎叶
颜紫烟
鞠单于
长孙冰海
颛孙方
齐东方
黎依霜
颛孙黎
颛孙采柳
雍令狐
陆碧蓉
颜清月
韩樱
香璐雨
郁唐
麻田
郝山晴
项夏
靳夜柳
龚元风
陈高
郁霍
隆雍
龙赫
阳若烟
陌虐i
邵若雁
陈诗珊
郁萧
马藏鸟
都蔺
项谷粱
郑峻谐
金赫
邓骆
邰向卉
雷郝
闻史
闽丁
闾丘思松
钮映阳
钦蔡
钱管
钱宝宝
锺狄
锺司马
锺离连
锺韶
酆南宫
苍翁
贲温
车柳
虞寻桃
臭猪猪
辛思枫
贲曼寒
莘宛菡
许冰薇
耿新蕾
裘姜
裘飞柏
西门房
西门郝
轩辕竺
贺菲音
范访蕊
许诸葛
诸葛宫
诸葛向秋
血腥暴
苗吉
舒芷
花花公主
萧风
薄彭
訾采柳
董王
葛以莲
董吉
蒲丹亦
蒲怜珊
蒙萧
蓟戚
蓝吕
蓝南烟
蔺杭
蔚友卉
蔡听兰
蔡雷
解万
谭楼
谭于
谯以筠
谯青梦
艾彭
艾丽如伤