24316
李
商仇
俞嫣
东伍
楚真
白狐
焦卫
富瞿
盛余
丘干
泣殘
习卫
柯洪
白毕
楼涛
挽月
石单
刘沈
徐宋
糜庾
悠翠
快乐
依玲
狄严
冀华
吕昌
司符
冥月
佟祝
段翁
涵儿
杭祝
楚冯
督房
怀常
紫熙201010
岳怀亦
平亦丝
符司空
叶怜晴
冊冊㎏
从绿凝
刘惜儿
厌弃战
空梦凡
童幻悲
何绮烟
沫曦曦
王泽华
劳绿柏
富千琴
沐紫嫣
伊寻琴
战狼猫
炫亿城
卢凝梦
梁丘寻真
猫殿堂的人
单于紫易
↙﹏婚纱╰
•主﹏宰•
乐正傲旋
乐正思天
℡傻の小子
星梦灵雪
梦幻月魇
帝丶戦鉮ゞ
华依云
宣灵寒
万俟应
宇宙无双
席涵瑶
纪涵瑶
商千秋
叶紫姚
容映秋
毋绿兰
司初兰
单幻雪
楚凌雪
伊怜雪
季怜雪
戴凌香
步百里
段涵菡
广怜蕾
红子车
益梦菡
伍思萱
何白萱
刘幼菱
勾书萱
侯白薇
幸廖
创世。神
绝世修罗
洛北
柳云溪
司徒乐正
王柒染
单寒飞雪
司徒诗翠
柯柔
弘朱
孟粱
独孤墨
常欧阳
依冰
澹台念瑶
澹台应
二地鐵t
濮冰菱
七海露亚
李德育
绝情
紫琉璃
会有风来
如斯
严无心
席瑜
岳周
井周
昌咎
曹操
吃瓜么
匡支
微生戚
微生幻天
皇甫傅
糯米团团
以夏
幸夏烟
伟大的狐狸
丶小颜
糜水蓉
亢尉迟
桃六岁
柳慕容
♥Sun
毛霍
晁陆
戎郁
孟魏
白雪
杜长孙
东郭何
农阳佟
残飞破月
百里墨芸
神龙斗士2
东郭巫
终雪兰
梦馨蜜桃
寿青柏
美魔争霸
干雅旋
楚雅蕊
束醉蓝
濮闾丘
缪闾丘
东门伯赏
寿荠
恋蝶
杜诸
柏赵
盛萝
晏荣
笪詹
戚赵
乐萃
严贾
徐莫
羽芊绫
梦萝殇
上舞灵
幻蝶恋雨花
离若寒
猛虎嗅蔷薇
空赫连
琴若菱
童诗柳
庾芷云
不见不散
玖欣
祖沈
祖何
廖幻姬
盖傲薇
敖裘
罗幻桃
南宫如雪
林晨羽
宗政宇文
宗政黎
南门新蕾
北辰洛雅
暨宋
杨惜蕊
墨乔
墨天薇
木马
杨雨彤
墨苠
发往回
向以柳
发如果
我愛你
桑又夏
向施
岑雪枫
我虐你妹
戒网
寒寒i
卓梦旋
易代萱
易全
弓韶
宓颜演
崔珊珊
乔惜染
崔孤容
乔尔琴
爱❀
爱妳
爱恋……
爱你哟
凤卿歌
令狐单于
孤独人性
伤♥草
凤采文
孤雪萌
欧糜
欧阳兮魅
欧阳飞雪
欧若拉
冰碟
冰凌紫萱
仰冬易
冰雪奇缘
冰雪凤凰
仰诸
康以寒
冷傲雪丶
殷梓涵
康欧阳
冷陶
冷陌儿
★可儿♚
梅灵煌
清颖
傅莫
安眠
有含双
吉冰岚
玉无心
琉璃玥
琉璃月影
琉璃色
厉山兰
厉慕灵
沉酒
粉色的秋天
喻伯赏
斜方
疏璃゜
文语柔
时琦狂三
时韦
程博文
娄晓霜
威廉
樊喻
樱
呼延晓兰
周夜绿
璩左丘
哇女神
哒哒噜哒哒
支翠桃
汝翟
屈叶
米绝音
江唐
池小姌
池阮
籍蔺
山菲鹰
夏悠
夏宛亦
夏侯蔡
夏山灵
夏语凝
夹谷冰珍
大勇
大姐
姬毕
秦鄂
秦迎蕾
小 小
小桃
尚翁
水涟漪
小柠檬
尹司徒
小猫咪
封冥茗
水冷菱
小小译宝
尹尔冬
水问寒
尹诗柳
小草
尉迟亦玉
尉迟牧
巫梦琪
淳于向雪
左丘喻
巢许
巩聂
公孙上官
公冶璎
慎凌雪
党冷菱
关秋
公西韩
公良以蓝
共春秋悲
兰梦花语
牟冷菱
牛小弟
剑圣盖聂
Cherly
D/:_无情
Da叶子
I
old
SMS&CZM
韩嵇
黄嵇
韶占
鸣笙
郭毕
邢叶
颜千儿
阎凝竹
龙千景
陶凌晴
默沫末灵
颛孙绝音
魏丹南
通梦寒
黎之寒冬
陌妍筱琦
鲜于安白
郭灭男
风月夜
阳紫霜
骆凌蝶
郁凌蝶
郭宏耀
颛孙诗柳
郁代萱
雁南飞
郏浑
陈孑豪
邬卓
龙令狐
顾安珊
龙程
逆天之战
颜天蓝
隆姚
鲍巫马
陆巧凡
默执
靳齐
郭阮
阎郦
郦雪枫
阎雪瑶
隆雪巧
郁邱
阳雅霜
阎裘
顾语风
阚觅山
邵谷蓝
陌路王妃
隗于
隗浑
郑凯文
逑丹雪
黑暗噬光
魔
郤单于
郤绮露
邰夏侯
邰雪冥
雷神s
魅倾
雅儿
闽邹
钮友瑶
锺慕容
鱼狄
蘴
赵单
计沈
莫石
莘妍
辛叶
荆伍
许窦
辛涵双
苍白桃
苏嫣然
轻狂书生。
莫司徒
贲听寒
衡听兰
苍千兰
芮绣连
芮白萱
芭比
能海冬
落日
落樱如血
费支
能汪
詹秋蝶
莫小希
连慕儿
血龙
赵郝
萌雪儿
范雪一
能雪巧
西门若魔
赏连
芯莎
若见花
血色记忆
舒含灵
花愫
花若雪
请叫我屌丝
起灵^不朽
茅祝
辉夜。冥
薄笑旋
薛邵
薛钱
葜
董寻雪
蓝圣
蓝寄容
蓝夜
蓟裘
蓬若魔
蔺幻柏
蔚乐安
谈雪一
谢聂
谷鄂
谷诗槐