1223
1234567890
13@
1500
2333=+=
4399
6732…
?
寂
农嵇
满卢
管俞
广孟
杀☞
圣儿
乐彭
伍仇
初恋
松卢
竺凌
冀滕
国史
熊猫
凌依
年糜
怀嵇
张石
宁凌
曾权
双管
景窦
满滕
佴羊
宋武
乌瞿
寇笙
余硕
卜柳
伯孙
燕叶
堵彭
晏石
狂战
穆柏
史彭
吕叶
勾楼
武功
禄王
乐管
沈余
寇干
滕羊
禄武
紫星
湛柳
昌狄
焦楼
法严
幽皇
任李
宦侯
空曹
怀曲
滕王
仲叶
于以亦
怀以冬
糜忆灵
庾惜筠
晁凡儿
戴乐儿
相碍。
上官吴
刘单于
师梦曼
杜单于
笪嫣然
单于宫
晋代容
仇盼烟
乐丹烟
司寇房
禹司空
伯绿凝
凯源玺
快乐王子
！死神！
万俟如松
？？？？？
溪流灬月下
上官凌云雪
乐正惜文
燕绮南
法司徒
亢司徒
查思柔
庄如彤
仇倾凰
丁盼海
健健康康
后白梅
史友安
曹凝旋
竺友瑶
冯书瑶
焦之瑶
美美哒
单于唐
丶杀生丸
卫紫夏
戚灵槐
凌波公子
紫悦公主
孟盼兰
王宇扬
万俟齐
后濮阳
曾怜阳
余梦露
暴千风
翟涵阳
紫火龙
一星龙
不死鸟
万事通
战神魔
神╯魔☆色
罪恶魔鬼
女神雅典娜
张怀蕊
平伯赏
彭绣连
不一般
石伯赏
游戏而已
心灵茶语
段干诸葛
松幼萱
王俊辉
武林至尊
温杨
端木沈
端木柳
端木盼山
孙晨萌
星云
昌岑
任卓
索晓灵
昝晓筠
孙梓原
席晓瑶
符拓跋
奚拓跋
卢崔
曹乔
幻影X
史凤
柏欧阳
丘欧阳
白冰珍
羿冰真
火焰枪神
火焰之地
栾冰菱
皮包
司傅
桃梅春
况清炎
李有为
后安彤
卡嘉斯
宁方
沈喻
曹於
简喻
常施
宇文窦
东方雪兰
权时间
农周
吕哥
笪支
石甄
微生向珊
王汪
王汤
坠天
乐夏
滕夏
羿夏
孙太叔
月夜樱花
亢秦
伯姚
史姜
督封
后水彤
东水卉
凌小霜
沫小雨
、小蛋蛋ヾ
刘水蓝
空尉迟
琴尉迟
段左丘
广慕
杜慕梅
纪元菱
曙光宇神
晏牟
孙邵
何魏
刁韶
楮颜
师高
武颜
幻龙
终陶
杜龚
梁邵
任静
殳陶
丁鹿
糜雯
寿长孙
曹雪曼
濮阳冯
干采白
东郭亦瑶
百里依瑶
东郭廖
丁香彤
司马汤
漆雕秋翠
漆雕雷
温郑
惠雷
柴醉蝶
司问儿
寇问夏
何鑫富
佴詹
常连
平苏
伯苏
梁芝
孙航
勾荣
李莛
商赵
相萝
笪荀
张诸
伯诸
司荀
狄赫
子车佟
缪若翠
不败神话
彩虹，追乐
怀若冰
熊西门
子车酆
从若血
羊舌轩辕
白莲花
松诸葛
何诸葛
王者第一
忍者爷
柏薛
后薛
卿訫
祝董
宣董
嵇蒋
丘蔡
华蔺
庞褚
年褚
年觅夏
佟谷粱
房谷粱
吕艳一
廖黎
宗寒珊
林朱
林於
林方
罗巫马
储丁
暨龚
墨芷荷
我...
我们
我恋你
缑南晴
向支
桑颜
向语柔
宓权
拓拔童
拓拔家
拓拔牛
易印星光
乔白亦
五灵神王
翔翔
崔尔蓉
应高
乔苏
爱单
爱有梅有
古侯
令狐
古卫
古柳
凤琳
令狐仲
古令狐
凤飞薇
宰白
冰与火
宰父燕
仰傲柏
宰父邹
宰父褚
丰宓
宰唐
冰雪
印韩
地达罗
康
海纪
康冬寒
康仔
冷冰心
海阔~天空
傅翠芙
傅安
傅姚
傅高
清风醉
有瞿
冉千柔
有媚颜
冉半蕾
廉寒珊
有易绿
仉甄
冉夜蕾
吉语雪
方叶
方宋
疾风少年
喻酆
时家
时代
时空天浩
无敌选手
时光
时轩辕
樊彭
程凌珍
程平松
娄邵
璩高
哦，呵呵
甘家
唐丁
画骨
男神李晨
籍一寡
江丹蝶
米安蕾
汝韦
籍韶
汪鹿
江邓
山若烟
天昊
夜凌云
夏侯慕容
天使萝莉
夹谷凡桃
夹谷司马
姚沈
姐是神人
秦慕
秦鲁
秋西门
姚芙蓉
小美
水灵
尚又夏
封思萱
永恒之塔
永恒梦魇
小古vh
尼斯克尔
小小陈
水黎
小菌
尹迎夏
水诸葛
水蓝蓝
尤王
尤皇甫
尤太叔
尉迟马
左助
巫祝
巫灵凡
左丘嵇
左丘以旋
左丘南宫
淳于闵
巢以莲
巫乔
巫马雍
元武
慎燕
公孙童
公羊柯
慕容千儿
公羊汤
养梦秋
公冶采枫
元樱
慕支
慎邢
公靖巧
公西郑
公良昌
公良贾
充新儿
扶幻丝
扶方
扶郜
牟赫
bhy
C6
GTVYAYa
gvgggdctt
kiss小妞
Loe
LOL
o(╯□╰)o
Rk
song
wannhm
wjp才能去
阚占
鲍卫
韩窦
郎禹
通祝
阙庾
邪羽
鲁丁
靳卫
项沙
阳宫
齐余
都昌
鲜于皮
邹含灵
颛孙羊
都盼曼
龙炎战神
鬼泣玄月
颛孙皇甫
逄凌寒
鲜于江
通凡阳
郦怜阳
郦幻香
项如音
魏书雪
颛孙香
风晴雪
齐子车
陈子豪
顾宓
阎欧阳
魏爷
饶傅
霍廉
邪粉墨
鲍方
阴呼延
颜秦
颜秋烟
黄小杰
靳巫马
鲁公冶
黄公西
鲍元菱
黄郁
邬韩
项陈
郁香之
龙龙龙
霹雳风云
霍雨浩
靳雷
阎虞
阚许
都袁
霍裘
高苻
韩西门
陈褚
郗以丹
郗朝雪
郗鲍
雨浩
郑堪
郑张
骑天大圣
逑雪晴
邓潘
邓陆
魔剑圣炎
郤凌
雷蒋
闻人丹萱
问★剑
钮岑
钦姚
钮董
鱼呼延
鱼小霜
酆凝琴
莘禹
西伯
虞堪
车石
贲凌
詹翟
荣卢
荆初丹
苏城管
苍紫真
西宫玄幽
计凌香
荆濮阳
荣伯赏
血洗-一区
荣宓
赵粱
许清
芮傅
胡施
能施
边汤
苍夏之
诸左
许左丘
胥元
赵陶
胡雪兰
融诸
荆苏
赫连卫
轩辕以丹
轩辕东郭
赫连江
连菲音
衡若蕊
轩辕赤帝
虞语蓉
诸葛
诸葛燕
赖凌兰
蜗牛
近战王
舒慕
花景
花绿柳
花甄
臧雅柔
萧萧风寒
茅莫
薛沛芹
薛向松
薛晓兰
訾灵枫
董卢
董尤
葛赵
蒲缘郡
蒋笑卉
蒙方
蒙酆
蓝宛凝
蓝灵阳
蓬南宫
蓬应
蓟芹
蓟蔺
蔺珍
蔺易文
蔚傅
解莆
谢俞
谯书蕾
谢芮
谷权
谷梁章
谷梁妖妖
谷梁鄂
谷含蕾
谷连
艾宝川
艾郝