利柯
柯佟
万堪
柴叶
祐一
从丝
乌干
庾宣
狄华
空沙
乐乐
从千凝
刘一一
梦⭐️
湛上官
上官穆
梁丘从筠
空空空丶城
卞紫寒
强不悔
卢皇甫
最晴天
惠幻姬
万俟水香
紫涵蕾
徐南露
傲晨霜
徐易真
可爱萝莉
束令狐
窦欧阳
澹台曼彤
晁冰彤
翟冰颜
沈冰蝶
㥲情丿小姐
梁於
宇文巫马
法呼延
皇甫柳
皇甫碧蓉
师夜安
师天蓉
宣尔风
曾尤
佣兵
杭顾
桂鲍
滕韩
别魂幽
司马以寒
索飞兰
东门粱
刀锋下次
索虞
戴诸
从詹
宣莫
柏虞
国西门
盖廉
祖魏
杨景
墨如雪
檒雨
拓拔陶
易谷冬
孔稚晴
孔牛
朱砂
爱的木偶
筱陌喵
古凝竹
壤驷邢
欧欧阳
欧阳段
地狱式
地狱少女
卷毛大将王
冷龚
帅雁梅
吉常
安然
安灵珊
安含烟
冉绮菱
璃鸢
甄何
唐安蕾
汝郦
夜倩
夏柠栀
夏雪
夔房
私丶处
小
小明一米八
小染相惜
小甜豆
小公舉
小野寺小咲
就业
左丘齐
左左
巫马南霜
慕浅
兵哥
牛纪
DPoison丶
qiqidake
Van
陈武
阳任
阎吴
邢柯
邵凡波
鞠乐枫
骆忆南
长孙冰凡
邹傲玉
鲜于小霜
都凌香
颛孙香旋
高宓
马新雨
逆少风
韩顾
须雪冥
鄢问凝
顾苻
郗又夏
雨黑2015
郑幻灵
黑阳
闻人惠
荀叶
连狄
贲白山
连灵槐
落雪～空
荆邱
许雅柔
贝问夏
诸葛丶辰宇
花样年华
萧禹
萧念寒
薛友蕊
葛山晴
蒲颜
蒋薛
蓝水瑶
蓬莱山辉夜
蓝色妖姬
谢雪柳
谯闾丘
路映萱
艾卫